<?xml version="1.0" encoding="UTF-8"?>
<coverage generated="1709640089199" clover="3.2.0">
  <project timestamp="1709640089199" name="All files">
    <metrics statements="652" coveredstatements="604" conditionals="323" coveredconditionals="286" methods="80" coveredmethods="76" elements="1055" coveredelements="966" complexity="0" loc="652" ncloc="652" packages="11" files="11" classes="11"/>
    <package name="Games.Card Games.Baccarat">
      <metrics statements="98" coveredstatements="98" conditionals="54" coveredconditionals="54" methods="8" coveredmethods="8"/>
      <file name="Baccarat.ts" path="/Users/leostark/Desktop/Casino/Games/Card Games/Baccarat/Baccarat.ts">
        <metrics statements="98" coveredstatements="98" conditionals="54" coveredconditionals="54" methods="8" coveredmethods="8"/>
        <line num="1" count="2" type="stmt"/>
        <line num="2" count="2" type="stmt"/>
        <line num="21" count="2" type="stmt"/>
        <line num="22" count="40" type="stmt"/>
        <line num="25" count="40" type="stmt"/>
        <line num="26" count="85" type="cond" truecount="4" falsecount="0"/>
        <line num="27" count="10" type="stmt"/>
        <line num="28" count="75" type="cond" truecount="2" falsecount="0"/>
        <line num="29" count="8" type="stmt"/>
        <line num="31" count="67" type="stmt"/>
        <line num="36" count="40" type="stmt"/>
        <line num="53" count="2" type="stmt"/>
        <line num="55" count="9" type="stmt"/>
        <line num="59" count="9" type="cond" truecount="2" falsecount="0"/>
        <line num="60" count="4" type="stmt"/>
        <line num="62" count="5" type="stmt"/>
        <line num="63" count="5" type="stmt"/>
        <line num="82" count="2" type="stmt"/>
        <line num="86" count="15" type="stmt"/>
        <line num="90" count="8" type="stmt"/>
        <line num="91" count="8" type="stmt"/>
        <line num="96" count="6" type="stmt"/>
        <line num="97" count="6" type="cond" truecount="2" falsecount="0"/>
        <line num="98" count="2" type="stmt"/>
        <line num="99" count="4" type="cond" truecount="4" falsecount="0"/>
        <line num="100" count="1" type="stmt"/>
        <line num="101" count="3" type="cond" truecount="5" falsecount="0"/>
        <line num="103" count="1" type="stmt"/>
        <line num="104" count="2" type="cond" truecount="5" falsecount="0"/>
        <line num="106" count="1" type="stmt"/>
        <line num="108" count="1" type="stmt"/>
        <line num="114" count="15" type="cond" truecount="2" falsecount="0"/>
        <line num="115" count="9" type="cond" truecount="2" falsecount="0"/>
        <line num="116" count="6" type="stmt"/>
        <line num="118" count="3" type="stmt"/>
        <line num="122" count="6" type="stmt"/>
        <line num="142" count="2" type="stmt"/>
        <line num="148" count="18" type="stmt"/>
        <line num="149" count="18" type="stmt"/>
        <line num="152" count="18" type="cond" truecount="2" falsecount="0"/>
        <line num="153" count="6" type="cond" truecount="2" falsecount="0"/>
        <line num="154" count="2" type="stmt"/>
        <line num="155" count="2" type="stmt"/>
        <line num="157" count="4" type="stmt"/>
        <line num="159" count="12" type="cond" truecount="2" falsecount="0"/>
        <line num="160" count="2" type="cond" truecount="2" falsecount="0"/>
        <line num="161" count="1" type="stmt"/>
        <line num="162" count="1" type="stmt"/>
        <line num="164" count="1" type="stmt"/>
        <line num="166" count="10" type="cond" truecount="2" falsecount="0"/>
        <line num="167" count="2" type="cond" truecount="2" falsecount="0"/>
        <line num="168" count="1" type="stmt"/>
        <line num="169" count="1" type="stmt"/>
        <line num="171" count="1" type="stmt"/>
        <line num="173" count="8" type="cond" truecount="2" falsecount="0"/>
        <line num="174" count="2" type="cond" truecount="2" falsecount="0"/>
        <line num="175" count="1" type="stmt"/>
        <line num="176" count="1" type="stmt"/>
        <line num="178" count="1" type="stmt"/>
        <line num="180" count="6" type="cond" truecount="2" falsecount="0"/>
        <line num="181" count="2" type="cond" truecount="2" falsecount="0"/>
        <line num="182" count="1" type="stmt"/>
        <line num="183" count="1" type="stmt"/>
        <line num="185" count="1" type="stmt"/>
        <line num="188" count="4" type="stmt"/>
        <line num="191" count="18" type="stmt"/>
        <line num="205" count="2" type="stmt"/>
        <line num="208" count="5" type="stmt"/>
        <line num="210" count="5" type="stmt"/>
        <line num="211" count="7" type="stmt"/>
        <line num="212" count="7" type="stmt"/>
        <line num="213" count="7" type="stmt"/>
        <line num="218" count="7" type="stmt"/>
        <line num="220" count="7" type="stmt"/>
        <line num="224" count="7" type="stmt"/>
        <line num="229" count="7" type="stmt"/>
        <line num="231" count="7" type="stmt"/>
        <line num="232" count="7" type="stmt"/>
        <line num="235" count="7" type="stmt"/>
        <line num="236" count="7" type="stmt"/>
        <line num="238" count="7" type="stmt"/>
        <line num="239" count="7" type="stmt"/>
        <line num="241" count="7" type="stmt"/>
        <line num="242" count="7" type="stmt"/>
        <line num="244" count="7" type="stmt"/>
        <line num="250" count="7" type="cond" truecount="2" falsecount="0"/>
        <line num="251" count="1" type="stmt"/>
        <line num="252" count="1" type="stmt"/>
        <line num="254" count="6" type="stmt"/>
        <line num="255" count="6" type="stmt"/>
        <line num="258" count="7" type="cond" truecount="2" falsecount="0"/>
        <line num="259" count="1" type="stmt"/>
        <line num="260" count="1" type="stmt"/>
        <line num="263" count="6" type="stmt"/>
        <line num="264" count="6" type="stmt"/>
        <line num="266" count="6" type="cond" truecount="2" falsecount="0"/>
        <line num="267" count="2" type="stmt"/>
        <line num="268" count="4" type="stmt"/>
      </file>
    </package>
    <package name="Games.Card Games.Blackjack">
      <metrics statements="102" coveredstatements="102" conditionals="37" coveredconditionals="37" methods="8" coveredmethods="8"/>
      <file name="Blackjack.ts" path="/Users/leostark/Desktop/Casino/Games/Card Games/Blackjack/Blackjack.ts">
        <metrics statements="102" coveredstatements="102" conditionals="37" coveredconditionals="37" methods="8" coveredmethods="8"/>
        <line num="1" count="2" type="stmt"/>
        <line num="2" count="2" type="stmt"/>
        <line num="4" count="2" type="stmt"/>
        <line num="21" count="2" type="stmt"/>
        <line num="22" count="54" type="stmt"/>
        <line num="25" count="116" type="stmt"/>
        <line num="28" count="54" type="stmt"/>
        <line num="29" count="116" type="cond" truecount="4" falsecount="0"/>
        <line num="31" count="1" type="stmt"/>
        <line num="32" count="115" type="cond" truecount="2" falsecount="0"/>
        <line num="34" count="12" type="stmt"/>
        <line num="37" count="103" type="stmt"/>
        <line num="43" count="54" type="cond" truecount="2" falsecount="0"/>
        <line num="44" count="3" type="stmt"/>
        <line num="45" count="3" type="stmt"/>
        <line num="48" count="54" type="stmt"/>
        <line num="64" count="2" type="stmt"/>
        <line num="65" count="26" type="stmt"/>
        <line num="66" count="26" type="cond" truecount="2" falsecount="0"/>
        <line num="85" count="2" type="stmt"/>
        <line num="89" count="7" type="stmt"/>
        <line num="90" count="7" type="stmt"/>
        <line num="91" count="7" type="stmt"/>
        <line num="93" count="7" type="stmt"/>
        <line num="94" count="12" type="stmt"/>
        <line num="95" count="12" type="stmt"/>
        <line num="96" count="12" type="stmt"/>
        <line num="98" count="12" type="cond" truecount="6" falsecount="0"/>
        <line num="101" count="1" type="stmt"/>
        <line num="102" count="1" type="stmt"/>
        <line num="104" count="1" type="stmt"/>
        <line num="105" count="1" type="stmt"/>
        <line num="106" count="1" type="stmt"/>
        <line num="108" count="1" type="stmt"/>
        <line num="109" count="1" type="stmt"/>
        <line num="110" count="11" type="cond" truecount="2" falsecount="0"/>
        <line num="111" count="2" type="stmt"/>
        <line num="112" count="2" type="stmt"/>
        <line num="113" count="2" type="stmt"/>
        <line num="114" count="9" type="cond" truecount="1" falsecount="0"/>
        <line num="115" count="5" type="stmt"/>
        <line num="119" count="7" type="stmt"/>
        <line num="120" count="7" type="cond" truecount="1" falsecount="0"/>
        <line num="121" count="2" type="stmt"/>
        <line num="122" count="2" type="stmt"/>
        <line num="123" count="2" type="stmt"/>
        <line num="125" count="5" type="stmt"/>
        <line num="141" count="2" type="stmt"/>
        <line num="144" count="6" type="stmt"/>
        <line num="147" count="6" type="cond" truecount="1" falsecount="0"/>
        <line num="148" count="1" type="stmt"/>
        <line num="149" count="1" type="stmt"/>
        <line num="153" count="5" type="stmt"/>
        <line num="154" count="5" type="stmt"/>
        <line num="157" count="5" type="stmt"/>
        <line num="161" count="5" type="stmt"/>
        <line num="163" count="5" type="stmt"/>
        <line num="177" count="2" type="stmt"/>
        <line num="178" count="9" type="stmt"/>
        <line num="180" count="9" type="stmt"/>
        <line num="183" count="9" type="stmt"/>
        <line num="184" count="9" type="stmt"/>
        <line num="186" count="9" type="stmt"/>
        <line num="199" count="2" type="stmt"/>
        <line num="201" count="8" type="stmt"/>
        <line num="203" count="8" type="stmt"/>
        <line num="205" count="8" type="stmt"/>
        <line num="206" count="8" type="stmt"/>
        <line num="207" count="8" type="stmt"/>
        <line num="208" count="8" type="stmt"/>
        <line num="209" count="8" type="stmt"/>
        <line num="211" count="8" type="stmt"/>
        <line num="213" count="8" type="stmt"/>
        <line num="214" count="8" type="stmt"/>
        <line num="216" count="8" type="stmt"/>
        <line num="217" count="8" type="stmt"/>
        <line num="219" count="8" type="stmt"/>
        <line num="220" count="8" type="stmt"/>
        <line num="223" count="8" type="cond" truecount="4" falsecount="0"/>
        <line num="224" count="1" type="stmt"/>
        <line num="226" count="7" type="cond" truecount="2" falsecount="0"/>
        <line num="227" count="2" type="stmt"/>
        <line num="228" count="2" type="stmt"/>
        <line num="231" count="5" type="stmt"/>
        <line num="233" count="5" type="cond" truecount="2" falsecount="0"/>
        <line num="234" count="1" type="stmt"/>
        <line num="235" count="1" type="stmt"/>
        <line num="237" count="4" type="stmt"/>
        <line num="238" count="4" type="stmt"/>
        <line num="240" count="4" type="cond" truecount="4" falsecount="0"/>
        <line num="241" count="1" type="stmt"/>
        <line num="242" count="1" type="stmt"/>
        <line num="243" count="3" type="cond" truecount="2" falsecount="0"/>
        <line num="244" count="2" type="stmt"/>
        <line num="245" count="2" type="stmt"/>
        <line num="247" count="1" type="stmt"/>
        <line num="253" count="8" type="cond" truecount="2" falsecount="0"/>
        <line num="254" count="7" type="stmt"/>
        <line num="255" count="7" type="stmt"/>
        <line num="257" count="1" type="stmt"/>
        <line num="258" count="1" type="stmt"/>
        <line num="262" count="8" type="stmt"/>
      </file>
    </package>
    <package name="Games.Card Games.Deck">
      <metrics statements="36" coveredstatements="36" conditionals="2" coveredconditionals="2" methods="8" coveredmethods="8"/>
      <file name="Deck.ts" path="/Users/leostark/Desktop/Casino/Games/Card Games/Deck/Deck.ts">
        <metrics statements="36" coveredstatements="36" conditionals="2" coveredconditionals="2" methods="8" coveredmethods="8"/>
        <line num="16" count="3" type="stmt"/>
        <line num="17" count="4" type="stmt"/>
        <line num="19" count="4" type="stmt"/>
        <line num="20" count="4" type="stmt"/>
        <line num="22" count="4" type="stmt"/>
        <line num="23" count="16" type="stmt"/>
        <line num="24" count="208" type="stmt"/>
        <line num="27" count="4" type="stmt"/>
        <line num="40" count="3" type="stmt"/>
        <line num="41" count="19" type="stmt"/>
        <line num="42" count="6065" type="stmt"/>
        <line num="43" count="6065" type="stmt"/>
        <line num="45" count="19" type="stmt"/>
        <line num="60" count="3" type="stmt"/>
        <line num="61" count="14" type="stmt"/>
        <line num="63" count="14" type="stmt"/>
        <line num="64" count="14" type="stmt"/>
        <line num="66" count="14" type="stmt"/>
        <line num="67" count="112" type="stmt"/>
        <line num="68" count="448" type="stmt"/>
        <line num="69" count="5824" type="stmt"/>
        <line num="73" count="14" type="stmt"/>
        <line num="89" count="3" type="stmt"/>
        <line num="90" count="17" type="cond" truecount="1" falsecount="0"/>
        <line num="91" count="2" type="stmt"/>
        <line num="92" count="2" type="stmt"/>
        <line num="109" count="3" type="stmt"/>
        <line num="111" count="15" type="stmt"/>
        <line num="114" count="15" type="stmt"/>
        <line num="126" count="3" type="stmt"/>
        <line num="127" count="7" type="cond" truecount="1" falsecount="0"/>
        <line num="128" count="6" type="stmt"/>
        <line num="145" count="3" type="stmt"/>
        <line num="147" count="15" type="stmt"/>
        <line num="148" count="37" type="stmt"/>
        <line num="150" count="15" type="stmt"/>
      </file>
    </package>
    <package name="Games.Roulette">
      <metrics statements="229" coveredstatements="229" conditionals="181" coveredconditionals="164" methods="26" coveredmethods="26"/>
      <file name="roulette.ts" path="/Users/leostark/Desktop/Casino/Games/Roulette/roulette.ts">
        <metrics statements="229" coveredstatements="229" conditionals="181" coveredconditionals="164" methods="26" coveredmethods="26"/>
        <line num="1" count="2" type="stmt"/>
        <line num="3" count="2" type="stmt"/>
        <line num="12" count="2" type="cond" truecount="2" falsecount="0"/>
        <line num="13" count="2" type="stmt"/>
        <line num="14" count="2" type="stmt"/>
        <line num="16" count="2" type="cond" truecount="2" falsecount="0"/>
        <line num="17" count="2" type="stmt"/>
        <line num="18" count="2" type="stmt"/>
        <line num="20" count="2" type="cond" truecount="2" falsecount="0"/>
        <line num="21" count="2" type="stmt"/>
        <line num="22" count="2" type="stmt"/>
        <line num="39" count="2" type="stmt"/>
        <line num="42" count="2" type="stmt"/>
        <line num="61" count="2" type="stmt"/>
        <line num="65" count="2" type="stmt"/>
        <line num="66" count="4" type="cond" truecount="2" falsecount="0"/>
        <line num="67" count="1" type="stmt"/>
        <line num="68" count="1" type="stmt"/>
        <line num="70" count="3" type="stmt"/>
        <line num="72" count="3" type="stmt"/>
        <line num="73" count="3" type="stmt"/>
        <line num="75" count="3" type="stmt"/>
        <line num="77" count="3" type="stmt"/>
        <line num="78" count="3" type="stmt"/>
        <line num="80" count="3" type="cond" truecount="2" falsecount="0"/>
        <line num="81" count="2" type="stmt"/>
        <line num="83" count="1" type="stmt"/>
        <line num="105" count="2" type="stmt"/>
        <line num="110" count="3" type="stmt"/>
        <line num="111" count="3" type="stmt"/>
        <line num="112" count="3" type="stmt"/>
        <line num="113" count="3" type="stmt"/>
        <line num="114" count="3" type="stmt"/>
        <line num="115" count="3" type="stmt"/>
        <line num="117" count="3" type="cond" truecount="1" falsecount="1"/>
        <line num="123" count="3" type="stmt"/>
        <line num="124" count="3" type="stmt"/>
        <line num="142" count="2" type="stmt"/>
        <line num="145" count="5" type="stmt"/>
        <line num="146" count="5" type="stmt"/>
        <line num="148" count="5" type="stmt"/>
        <line num="150" count="5" type="stmt"/>
        <line num="152" count="5" type="stmt"/>
        <line num="153" count="5" type="stmt"/>
        <line num="155" count="5" type="stmt"/>
        <line num="156" count="5" type="stmt"/>
        <line num="158" count="5" type="cond" truecount="2" falsecount="0"/>
        <line num="159" count="1" type="stmt"/>
        <line num="175" count="2" type="stmt"/>
        <line num="176" count="10003" type="stmt"/>
        <line num="192" count="2" type="stmt"/>
        <line num="193" count="6" type="stmt"/>
        <line num="195" count="6" type="stmt"/>
        <line num="196" count="6" type="stmt"/>
        <line num="198" count="6" type="stmt"/>
        <line num="213" count="2" type="stmt"/>
        <line num="214" count="8" type="stmt"/>
        <line num="216" count="8" type="stmt"/>
        <line num="220" count="8" type="stmt"/>
        <line num="221" count="8" type="stmt"/>
        <line num="223" count="8" type="cond" truecount="2" falsecount="0"/>
        <line num="224" count="6" type="stmt"/>
        <line num="225" count="2" type="cond" truecount="2" falsecount="0"/>
        <line num="226" count="1" type="stmt"/>
        <line num="228" count="1" type="stmt"/>
        <line num="231" count="8" type="stmt"/>
        <line num="245" count="2" type="stmt"/>
        <line num="246" count="18" type="stmt"/>
        <line num="248" count="18" type="stmt"/>
        <line num="250" count="18" type="cond" truecount="2" falsecount="0"/>
        <line num="251" count="5" type="stmt"/>
        <line num="252" count="5" type="stmt"/>
        <line num="254" count="13" type="cond" truecount="2" falsecount="0"/>
        <line num="256" count="1" type="stmt"/>
        <line num="257" count="1" type="stmt"/>
        <line num="258" count="1" type="stmt"/>
        <line num="260" count="12" type="cond" truecount="2" falsecount="0"/>
        <line num="262" count="3" type="stmt"/>
        <line num="263" count="3" type="stmt"/>
        <line num="264" count="3" type="stmt"/>
        <line num="265" count="3" type="stmt"/>
        <line num="267" count="3" type="stmt"/>
        <line num="268" count="3" type="stmt"/>
        <line num="271" count="3" type="cond" truecount="2" falsecount="0"/>
        <line num="273" count="1" type="stmt"/>
        <line num="274" count="2" type="cond" truecount="2" falsecount="0"/>
        <line num="276" count="1" type="stmt"/>
        <line num="279" count="1" type="stmt"/>
        <line num="282" count="3" type="stmt"/>
        <line num="283" count="3" type="stmt"/>
        <line num="285" count="3" type="stmt"/>
        <line num="286" count="10" type="cond" truecount="4" falsecount="0"/>
        <line num="287" count="2" type="stmt"/>
        <line num="289" count="8" type="stmt"/>
        <line num="295" count="3" type="stmt"/>
        <line num="297" count="3" type="stmt"/>
        <line num="298" count="3" type="stmt"/>
        <line num="299" count="3" type="cond" truecount="1" falsecount="1"/>
        <line num="303" count="3" type="stmt"/>
        <line num="305" count="9" type="cond" truecount="2" falsecount="0"/>
        <line num="307" count="1" type="stmt"/>
        <line num="308" count="1" type="stmt"/>
        <line num="309" count="1" type="stmt"/>
        <line num="311" count="8" type="cond" truecount="2" falsecount="0"/>
        <line num="313" count="3" type="stmt"/>
        <line num="314" count="3" type="stmt"/>
        <line num="315" count="3" type="stmt"/>
        <line num="318" count="3" type="cond" truecount="2" falsecount="0"/>
        <line num="320" count="1" type="stmt"/>
        <line num="321" count="2" type="cond" truecount="2" falsecount="0"/>
        <line num="323" count="1" type="stmt"/>
        <line num="325" count="1" type="stmt"/>
        <line num="328" count="1" type="cond" truecount="1" falsecount="1"/>
        <line num="333" count="3" type="stmt"/>
        <line num="342" count="3" type="cond" truecount="2" falsecount="0"/>
        <line num="346" count="5" type="cond" truecount="2" falsecount="0"/>
        <line num="348" count="4" type="stmt"/>
        <line num="349" count="4" type="stmt"/>
        <line num="350" count="4" type="stmt"/>
        <line num="351" count="4" type="stmt"/>
        <line num="354" count="4" type="cond" truecount="2" falsecount="0"/>
        <line num="355" count="1" type="stmt"/>
        <line num="356" count="1" type="stmt"/>
        <line num="357" count="3" type="cond" truecount="2" falsecount="0"/>
        <line num="358" count="1" type="stmt"/>
        <line num="359" count="1" type="stmt"/>
        <line num="361" count="2" type="stmt"/>
        <line num="367" count="4" type="cond" truecount="2" falsecount="0"/>
        <line num="383" count="2" type="stmt"/>
        <line num="384" count="7" type="stmt"/>
        <line num="385" count="7" type="stmt"/>
        <line num="387" count="7" type="cond" truecount="2" falsecount="0"/>
        <line num="389" count="2" type="stmt"/>
        <line num="391" count="2" type="stmt"/>
        <line num="393" count="2" type="stmt"/>
        <line num="396" count="2" type="cond" truecount="2" falsecount="0"/>
        <line num="397" count="1" type="stmt"/>
        <line num="398" count="1" type="cond" truecount="1" falsecount="1"/>
        <line num="399" count="1" type="stmt"/>
        <line num="402" count="5" type="cond" truecount="2" falsecount="0"/>
        <line num="404" count="2" type="stmt"/>
        <line num="406" count="2" type="cond" truecount="2" falsecount="0"/>
        <line num="407" count="1" type="stmt"/>
        <line num="408" count="1" type="cond" truecount="1" falsecount="1"/>
        <line num="409" count="1" type="stmt"/>
        <line num="412" count="3" type="cond" truecount="2" falsecount="0"/>
        <line num="414" count="2" type="stmt"/>
        <line num="416" count="2" type="cond" truecount="2" falsecount="0"/>
        <line num="417" count="1" type="stmt"/>
        <line num="418" count="1" type="cond" truecount="1" falsecount="1"/>
        <line num="419" count="1" type="stmt"/>
        <line num="435" count="2" type="stmt"/>
        <line num="436" count="7" type="stmt"/>
        <line num="437" count="7" type="cond" truecount="2" falsecount="0"/>
        <line num="439" count="3" type="stmt"/>
        <line num="442" count="3" type="cond" truecount="2" falsecount="0"/>
        <line num="443" count="1" type="stmt"/>
        <line num="444" count="2" type="cond" truecount="2" falsecount="0"/>
        <line num="445" count="1" type="stmt"/>
        <line num="446" count="1" type="cond" truecount="1" falsecount="1"/>
        <line num="447" count="1" type="stmt"/>
        <line num="449" count="4" type="cond" truecount="2" falsecount="0"/>
        <line num="451" count="3" type="stmt"/>
        <line num="454" count="3" type="cond" truecount="2" falsecount="0"/>
        <line num="455" count="1" type="stmt"/>
        <line num="456" count="2" type="cond" truecount="2" falsecount="0"/>
        <line num="457" count="1" type="stmt"/>
        <line num="458" count="1" type="cond" truecount="1" falsecount="1"/>
        <line num="459" count="1" type="stmt"/>
        <line num="479" count="2" type="stmt"/>
        <line num="480" count="8" type="cond" truecount="2" falsecount="0"/>
        <line num="481" count="5" type="stmt"/>
        <line num="483" count="3" type="stmt"/>
        <line num="503" count="2" type="stmt"/>
        <line num="504" count="13" type="stmt"/>
        <line num="505" count="13" type="cond" truecount="2" falsecount="0"/>
        <line num="543" count="2" type="stmt"/>
        <line num="547" count="4" type="cond" truecount="2" falsecount="0"/>
        <line num="567" count="2" type="stmt"/>
        <line num="571" count="10" type="cond" truecount="4" falsecount="0"/>
        <line num="572" count="1" type="stmt"/>
        <line num="576" count="4" type="cond" truecount="2" falsecount="0"/>
        <line num="579" count="4" type="cond" truecount="2" falsecount="0"/>
        <line num="580" count="1" type="stmt"/>
        <line num="584" count="3" type="cond" truecount="2" falsecount="0"/>
        <line num="604" count="2" type="stmt"/>
        <line num="608" count="8" type="cond" truecount="2" falsecount="0"/>
        <line num="626" count="2" type="stmt"/>
        <line num="630" count="3" type="cond" truecount="2" falsecount="0"/>
        <line num="652" count="2" type="stmt"/>
        <line num="655" count="4" type="stmt"/>
        <line num="657" count="4" type="stmt"/>
        <line num="658" count="8" type="stmt"/>
        <line num="661" count="4" type="stmt"/>
        <line num="682" count="2" type="stmt"/>
        <line num="686" count="5" type="cond" truecount="2" falsecount="0"/>
        <line num="687" count="3" type="cond" truecount="2" falsecount="0"/>
        <line num="689" count="2" type="cond" truecount="2" falsecount="0"/>
        <line num="712" count="2" type="stmt"/>
        <line num="715" count="6" type="cond" truecount="2" falsecount="0"/>
        <line num="716" count="2" type="stmt"/>
        <line num="719" count="4" type="cond" truecount="2" falsecount="0"/>
        <line num="720" count="2" type="cond" truecount="2" falsecount="0"/>
        <line num="722" count="2" type="cond" truecount="2" falsecount="0"/>
        <line num="744" count="2" type="stmt"/>
        <line num="748" count="6" type="cond" truecount="2" falsecount="0"/>
        <line num="749" count="3" type="cond" truecount="4" falsecount="0"/>
        <line num="750" count="2" type="stmt"/>
        <line num="752" count="1" type="stmt"/>
        <line num="755" count="3" type="cond" truecount="4" falsecount="0"/>
        <line num="756" count="1" type="stmt"/>
        <line num="758" count="2" type="stmt"/>
        <line num="781" count="2" type="stmt"/>
        <line num="785" count="4" type="cond" truecount="4" falsecount="0"/>
        <line num="786" count="3" type="stmt"/>
        <line num="788" count="1" type="stmt"/>
        <line num="810" count="2" type="stmt"/>
        <line num="814" count="8" type="stmt"/>
        <line num="816" count="8" type="cond" truecount="2" falsecount="0"/>
        <line num="817" count="4" type="cond" truecount="2" falsecount="0"/>
        <line num="818" count="3" type="stmt"/>
        <line num="820" count="1" type="stmt"/>
        <line num="822" count="4" type="cond" truecount="2" falsecount="0"/>
        <line num="823" count="2" type="cond" truecount="4" falsecount="0"/>
        <line num="824" count="1" type="stmt"/>
        <line num="826" count="1" type="stmt"/>
        <line num="829" count="2" type="cond" truecount="2" falsecount="0"/>
        <line num="830" count="1" type="stmt"/>
        <line num="832" count="1" type="stmt"/>
      </file>
    </package>
    <package name="Menu">
      <metrics statements="103" coveredstatements="56" conditionals="26" coveredconditionals="7" methods="9" coveredmethods="5"/>
      <file name="login.ts" path="/Users/leostark/Desktop/Casino/Menu/login.ts">
        <metrics statements="103" coveredstatements="56" conditionals="26" coveredconditionals="7" methods="9" coveredmethods="5"/>
        <line num="1" count="1" type="stmt"/>
        <line num="2" count="1" type="stmt"/>
        <line num="4" count="1" type="stmt"/>
        <line num="5" count="1" type="stmt"/>
        <line num="6" count="1" type="stmt"/>
        <line num="7" count="1" type="stmt"/>
        <line num="8" count="1" type="stmt"/>
        <line num="9" count="1" type="stmt"/>
        <line num="10" count="1" type="stmt"/>
        <line num="15" count="1" type="stmt"/>
        <line num="29" count="1" type="stmt"/>
        <line num="30" count="3" type="stmt"/>
        <line num="31" count="3" type="stmt"/>
        <line num="32" count="2" type="stmt"/>
        <line num="33" count="1" type="stmt"/>
        <line num="35" count="2" type="stmt"/>
        <line num="36" count="2" type="stmt"/>
        <line num="53" count="1" type="stmt"/>
        <line num="54" count="2" type="stmt"/>
        <line num="55" count="2" type="stmt"/>
        <line num="56" count="2" type="stmt"/>
        <line num="58" count="1" type="stmt"/>
        <line num="76" count="1" type="stmt"/>
        <line num="79" count="0" type="stmt"/>
        <line num="81" count="0" type="cond" truecount="0" falsecount="2"/>
        <line num="82" count="0" type="stmt"/>
        <line num="87" count="0" type="stmt"/>
        <line num="89" count="0" type="stmt"/>
        <line num="90" count="0" type="stmt"/>
        <line num="92" count="0" type="cond" truecount="0" falsecount="2"/>
        <line num="93" count="0" type="stmt"/>
        <line num="95" count="0" type="stmt"/>
        <line num="96" count="0" type="stmt"/>
        <line num="100" count="0" type="stmt"/>
        <line num="108" count="0" type="stmt"/>
        <line num="110" count="0" type="stmt"/>
        <line num="111" count="0" type="stmt"/>
        <line num="113" count="0" type="cond" truecount="0" falsecount="2"/>
        <line num="114" count="0" type="stmt"/>
        <line num="116" count="0" type="cond" truecount="0" falsecount="2"/>
        <line num="117" count="0" type="stmt"/>
        <line num="119" count="0" type="cond" truecount="0" falsecount="2"/>
        <line num="120" count="0" type="stmt"/>
        <line num="122" count="0" type="cond" truecount="0" falsecount="2"/>
        <line num="123" count="0" type="stmt"/>
        <line num="126" count="0" type="stmt"/>
        <line num="127" count="0" type="stmt"/>
        <line num="130" count="0" type="stmt"/>
        <line num="146" count="1" type="stmt"/>
        <line num="147" count="0" type="stmt"/>
        <line num="148" count="0" type="stmt"/>
        <line num="150" count="0" type="stmt"/>
        <line num="151" count="0" type="stmt"/>
        <line num="152" count="0" type="stmt"/>
        <line num="153" count="0" type="stmt"/>
        <line num="155" count="0" type="cond" truecount="0" falsecount="2"/>
        <line num="156" count="0" type="stmt"/>
        <line num="158" count="0" type="cond" truecount="0" falsecount="2"/>
        <line num="159" count="0" type="stmt"/>
        <line num="160" count="0" type="stmt"/>
        <line num="161" count="0" type="stmt"/>
        <line num="163" count="0" type="stmt"/>
        <line num="167" count="0" type="stmt"/>
        <line num="171" count="0" type="stmt"/>
        <line num="172" count="0" type="stmt"/>
        <line num="188" count="1" type="stmt"/>
        <line num="189" count="4" type="stmt"/>
        <line num="190" count="7" type="stmt"/>
        <line num="191" count="7" type="stmt"/>
        <line num="192" count="7" type="stmt"/>
        <line num="193" count="7" type="stmt"/>
        <line num="195" count="7" type="cond" truecount="1" falsecount="0"/>
        <line num="196" count="1" type="stmt"/>
        <line num="199" count="1" type="stmt"/>
        <line num="202" count="6" type="cond" truecount="2" falsecount="0"/>
        <line num="203" count="5" type="cond" truecount="1" falsecount="0"/>
        <line num="204" count="1" type="stmt"/>
        <line num="205" count="1" type="stmt"/>
        <line num="208" count="4" type="stmt"/>
        <line num="209" count="4" type="stmt"/>
        <line num="211" count="4" type="stmt"/>
        <line num="218" count="4" type="stmt"/>
        <line num="219" count="4" type="stmt"/>
        <line num="222" count="1" type="stmt"/>
        <line num="234" count="1" type="stmt"/>
        <line num="235" count="1" type="stmt"/>
        <line num="236" count="1" type="stmt"/>
        <line num="237" count="1" type="stmt"/>
        <line num="243" count="1" type="stmt"/>
        <line num="245" count="1" type="stmt"/>
        <line num="246" count="1" type="stmt"/>
        <line num="248" count="1" type="cond" truecount="1" falsecount="1"/>
        <line num="249" count="0" type="stmt"/>
        <line num="251" count="1" type="cond" truecount="1" falsecount="1"/>
        <line num="252" count="0" type="stmt"/>
        <line num="253" count="0" type="stmt"/>
        <line num="255" count="1" type="cond" truecount="0" falsecount="1"/>
        <line num="256" count="0" type="stmt"/>
        <line num="257" count="0" type="stmt"/>
        <line num="258" count="0" type="stmt"/>
        <line num="274" count="1" type="stmt"/>
        <line num="275" count="1" type="stmt"/>
        <line num="280" count="1" type="stmt"/>
      </file>
    </package>
    <package name="Utilities">
      <metrics statements="21" coveredstatements="20" conditionals="4" coveredconditionals="3" methods="8" coveredmethods="8"/>
      <file name="list.ts" path="/Users/leostark/Desktop/Casino/Utilities/list.ts">
        <metrics statements="21" coveredstatements="20" conditionals="4" coveredconditionals="3" methods="8" coveredmethods="8"/>
        <line num="27" count="2" type="stmt"/>
        <line num="28" count="8" type="stmt"/>
        <line num="37" count="2" type="stmt"/>
        <line num="38" count="9" type="stmt"/>
        <line num="47" count="2" type="stmt"/>
        <line num="48" count="9" type="stmt"/>
        <line num="57" count="2" type="stmt"/>
        <line num="58" count="14" type="stmt"/>
        <line num="70" count="2" type="stmt"/>
        <line num="71" count="2" type="stmt"/>
        <line num="72" count="2" type="stmt"/>
        <line num="73" count="3" type="stmt"/>
        <line num="75" count="2" type="stmt"/>
        <line num="85" count="2" type="stmt"/>
        <line num="86" count="5" type="stmt"/>
        <line num="96" count="2" type="stmt"/>
        <line num="98" count="6" type="stmt"/>
        <line num="99" count="6" type="cond" truecount="2" falsecount="0"/>
        <line num="103" count="5" type="cond" truecount="1" falsecount="1"/>
        <line num="104" count="0" type="stmt"/>
        <line num="106" count="5" type="stmt"/>
      </file>
    </package>
    <package name="Utilities.InsertMoney">
      <metrics statements="24" coveredstatements="24" conditionals="10" coveredconditionals="10" methods="1" coveredmethods="1"/>
      <file name="InsertMoney.ts" path="/Users/leostark/Desktop/Casino/Utilities/InsertMoney/InsertMoney.ts">
        <metrics statements="24" coveredstatements="24" conditionals="10" coveredconditionals="10" methods="1" coveredmethods="1"/>
        <line num="1" count="2" type="stmt"/>
        <line num="2" count="2" type="stmt"/>
        <line num="20" count="2" type="stmt"/>
        <line num="22" count="5" type="stmt"/>
        <line num="23" count="5" type="stmt"/>
        <line num="30" count="5" type="stmt"/>
        <line num="32" count="5" type="stmt"/>
        <line num="34" count="5" type="cond" truecount="2" falsecount="0"/>
        <line num="35" count="1" type="stmt"/>
        <line num="36" count="1" type="stmt"/>
        <line num="39" count="4" type="stmt"/>
        <line num="40" count="4" type="cond" truecount="2" falsecount="0"/>
        <line num="41" count="2" type="stmt"/>
        <line num="42" count="2" type="stmt"/>
        <line num="43" count="2" type="stmt"/>
        <line num="45" count="2" type="cond" truecount="4" falsecount="0"/>
        <line num="46" count="1" type="stmt"/>
        <line num="47" count="1" type="stmt"/>
        <line num="50" count="2" type="cond" truecount="2" falsecount="0"/>
        <line num="51" count="1" type="stmt"/>
        <line num="53" count="1" type="stmt"/>
        <line num="54" count="1" type="stmt"/>
        <line num="57" count="2" type="stmt"/>
        <line num="58" count="2" type="stmt"/>
      </file>
    </package>
    <package name="Utilities.Password">
      <metrics statements="5" coveredstatements="5" conditionals="3" coveredconditionals="3" methods="1" coveredmethods="1"/>
      <file name="Password.ts" path="/Users/leostark/Desktop/Casino/Utilities/Password/Password.ts">
        <metrics statements="5" coveredstatements="5" conditionals="3" coveredconditionals="3" methods="1" coveredmethods="1"/>
        <line num="13" count="2" type="stmt"/>
        <line num="14" count="19" type="stmt"/>
        <line num="15" count="19" type="stmt"/>
        <line num="16" count="19" type="stmt"/>
        <line num="18" count="19" type="cond" truecount="3" falsecount="0"/>
      </file>
    </package>
    <package name="Utilities.Player">
      <metrics statements="2" coveredstatements="2" conditionals="0" coveredconditionals="0" methods="1" coveredmethods="1"/>
      <file name="Player.ts" path="/Users/leostark/Desktop/Casino/Utilities/Player/Player.ts">
        <metrics statements="2" coveredstatements="2" conditionals="0" coveredconditionals="0" methods="1" coveredmethods="1"/>
        <line num="26" count="5" type="stmt"/>
        <line num="29" count="28" type="stmt"/>
      </file>
    </package>
    <package name="Utilities.userInput">
      <metrics statements="23" coveredstatements="23" conditionals="6" coveredconditionals="6" methods="7" coveredmethods="7"/>
      <file name="readUserInput.ts" path="/Users/leostark/Desktop/Casino/Utilities/userInput/readUserInput.ts">
        <metrics statements="23" coveredstatements="23" conditionals="6" coveredconditionals="6" methods="7" coveredmethods="7"/>
        <line num="1" count="1" type="stmt"/>
        <line num="10" count="1" type="stmt"/>
        <line num="12" count="4" type="stmt"/>
        <line num="16" count="4" type="stmt"/>
        <line num="18" count="4" type="stmt"/>
        <line num="19" count="4" type="stmt"/>
        <line num="20" count="4" type="stmt"/>
        <line num="21" count="4" type="stmt"/>
        <line num="23" count="4" type="cond" truecount="2" falsecount="0"/>
        <line num="24" count="2" type="stmt"/>
        <line num="25" count="2" type="stmt"/>
        <line num="30" count="4" type="cond" truecount="2" falsecount="0"/>
        <line num="47" count="1" type="stmt"/>
        <line num="48" count="1" type="stmt"/>
        <line num="53" count="1" type="stmt"/>
        <line num="54" count="1" type="stmt"/>
        <line num="55" count="1" type="stmt"/>
        <line num="56" count="1" type="stmt"/>
        <line num="68" count="1" type="stmt"/>
        <line num="69" count="19" type="stmt"/>
        <line num="70" count="48" type="cond" truecount="2" falsecount="0"/>
        <line num="71" count="7" type="stmt"/>
        <line num="74" count="12" type="stmt"/>
      </file>
    </package>
    <package name="Utilities.visuals">
      <metrics statements="9" coveredstatements="9" conditionals="0" coveredconditionals="0" methods="3" coveredmethods="3"/>
      <file name="visuals.ts" path="/Users/leostark/Desktop/Casino/Utilities/visuals/visuals.ts">
        <metrics statements="9" coveredstatements="9" conditionals="0" coveredconditionals="0" methods="3" coveredmethods="3"/>
        <line num="5" count="3" type="stmt"/>
        <line num="6" count="2" type="stmt"/>
        <line num="13" count="2" type="stmt"/>
        <line num="32" count="3" type="stmt"/>
        <line num="33" count="7" type="stmt"/>
        <line num="34" count="36" type="stmt"/>
        <line num="48" count="3" type="stmt"/>
        <line num="49" count="1" type="stmt"/>
        <line num="50" count="3" type="stmt"/>
      </file>
    </package>
  </project>
</coverage>
