{"/Users/leostark/Desktop/Casino/Card Games/Deck/Deck.ts": {"path":"/Users/leostark/Desktop/Casino/Card Games/Deck/Deck.ts","statementMap":{"0":{"start":{"line":13,"column":28},"end":{"line":13,"column":69}},"1":{"start":{"line":14,"column":29},"end":{"line":14,"column":73}},"2":{"start":{"line":15,"column":22},"end":{"line":15,"column":24}},"3":{"start":{"line":17,"column":4},"end":{"line":21,"column":5}},"4":{"start":{"line":18,"column":8},"end":{"line":20,"column":9}},"5":{"start":{"line":19,"column":12},"end":{"line":19,"column":40}},"6":{"start":{"line":23,"column":4},"end":{"line":23,"column":30}},"7":{"start":{"line":12,"column":0},"end":{"line":12,"column":16}},"8":{"start":{"line":32,"column":4},"end":{"line":35,"column":5}},"9":{"start":{"line":32,"column":17},"end":{"line":32,"column":33}},"10":{"start":{"line":33,"column":26},"end":{"line":33,"column":61}},"11":{"start":{"line":34,"column":8},"end":{"line":34,"column":52}},"12":{"start":{"line":36,"column":4},"end":{"line":36,"column":17}},"13":{"start":{"line":31,"column":0},"end":{"line":31,"column":16}},"14":{"start":{"line":46,"column":28},"end":{"line":46,"column":69}},"15":{"start":{"line":47,"column":29},"end":{"line":47,"column":73}},"16":{"start":{"line":48,"column":22},"end":{"line":48,"column":24}},"17":{"start":{"line":50,"column":4},"end":{"line":56,"column":5}},"18":{"start":{"line":50,"column":25},"end":{"line":50,"column":26}},"19":{"start":{"line":51,"column":8},"end":{"line":55,"column":9}},"20":{"start":{"line":52,"column":12},"end":{"line":54,"column":13}},"21":{"start":{"line":53,"column":16},"end":{"line":53,"column":44}},"22":{"start":{"line":57,"column":4},"end":{"line":57,"column":30}},"23":{"start":{"line":45,"column":0},"end":{"line":45,"column":16}}},"fnMap":{"0":{"name":"createDeck","decl":{"start":{"line":12,"column":16},"end":{"line":12,"column":26}},"loc":{"start":{"line":12,"column":26},"end":{"line":24,"column":1}}},"1":{"name":"shuffleDeck","decl":{"start":{"line":31,"column":16},"end":{"line":31,"column":27}},"loc":{"start":{"line":31,"column":39},"end":{"line":37,"column":1}}},"2":{"name":"createBlackjackDeck","decl":{"start":{"line":45,"column":16},"end":{"line":45,"column":35}},"loc":{"start":{"line":45,"column":35},"end":{"line":58,"column":1}}}},"branchMap":{},"s":{"0":4,"1":4,"2":4,"3":4,"4":16,"5":208,"6":4,"7":1,"8":6,"9":6,"10":670,"11":670,"12":6,"13":1,"14":1,"15":1,"16":1,"17":1,"18":1,"19":8,"20":32,"21":416,"22":1,"23":1},"f":{"0":4,"1":6,"2":1},"b":{}}
,"/Users/leostark/Desktop/Casino/Player/Player.ts": {"path":"/Users/leostark/Desktop/Casino/Player/Player.ts","statementMap":{"0":{"start":{"line":19,"column":4},"end":{"line":25,"column":6}},"1":{"start":{"line":18,"column":0},"end":{"line":18,"column":16}}},"fnMap":{"0":{"name":"createPerson","decl":{"start":{"line":18,"column":16},"end":{"line":18,"column":28}},"loc":{"start":{"line":18,"column":76},"end":{"line":26,"column":1}}}},"branchMap":{},"s":{"0":1,"1":1},"f":{"0":1},"b":{}}
}
