{"C:\\Users\\vikto\\Desktop\\PKD\\project\\Casino\\Games\\Card Games\\Baccarat\\Baccarat.js": {"path":"C:\\Users\\vikto\\Desktop\\PKD\\project\\Casino\\Games\\Card Games\\Baccarat\\Baccarat.js","statementMap":{"0":{"start":{"line":2,"column":16},"end":{"line":10,"column":1}},"1":{"start":{"line":3,"column":28},"end":{"line":3,"column":110}},"2":{"start":{"line":3,"column":91},"end":{"line":3,"column":106}},"3":{"start":{"line":4,"column":4},"end":{"line":9,"column":7}},"4":{"start":{"line":5,"column":36},"end":{"line":5,"column":97}},"5":{"start":{"line":5,"column":42},"end":{"line":5,"column":70}},"6":{"start":{"line":5,"column":85},"end":{"line":5,"column":95}},"7":{"start":{"line":6,"column":35},"end":{"line":6,"column":100}},"8":{"start":{"line":6,"column":41},"end":{"line":6,"column":73}},"9":{"start":{"line":6,"column":88},"end":{"line":6,"column":98}},"10":{"start":{"line":7,"column":32},"end":{"line":7,"column":116}},"11":{"start":{"line":8,"column":8},"end":{"line":8,"column":78}},"12":{"start":{"line":11,"column":18},"end":{"line":37,"column":1}},"13":{"start":{"line":12,"column":12},"end":{"line":12,"column":104}},"14":{"start":{"line":12,"column":43},"end":{"line":12,"column":68}},"15":{"start":{"line":12,"column":57},"end":{"line":12,"column":68}},"16":{"start":{"line":12,"column":69},"end":{"line":12,"column":81}},"17":{"start":{"line":13,"column":4},"end":{"line":13,"column":157}},"18":{"start":{"line":13,"column":138},"end":{"line":13,"column":150}},"19":{"start":{"line":14,"column":23},"end":{"line":14,"column":68}},"20":{"start":{"line":14,"column":45},"end":{"line":14,"column":65}},"21":{"start":{"line":16,"column":8},"end":{"line":16,"column":70}},"22":{"start":{"line":16,"column":15},"end":{"line":16,"column":70}},"23":{"start":{"line":17,"column":8},"end":{"line":34,"column":66}},"24":{"start":{"line":17,"column":50},"end":{"line":34,"column":66}},"25":{"start":{"line":18,"column":12},"end":{"line":18,"column":169}},"26":{"start":{"line":18,"column":160},"end":{"line":18,"column":169}},"27":{"start":{"line":19,"column":12},"end":{"line":19,"column":52}},"28":{"start":{"line":19,"column":26},"end":{"line":19,"column":52}},"29":{"start":{"line":20,"column":12},"end":{"line":32,"column":13}},"30":{"start":{"line":21,"column":32},"end":{"line":21,"column":39}},"31":{"start":{"line":21,"column":40},"end":{"line":21,"column":46}},"32":{"start":{"line":22,"column":24},"end":{"line":22,"column":34}},"33":{"start":{"line":22,"column":35},"end":{"line":22,"column":72}},"34":{"start":{"line":23,"column":24},"end":{"line":23,"column":34}},"35":{"start":{"line":23,"column":35},"end":{"line":23,"column":45}},"36":{"start":{"line":23,"column":46},"end":{"line":23,"column":55}},"37":{"start":{"line":23,"column":56},"end":{"line":23,"column":65}},"38":{"start":{"line":24,"column":24},"end":{"line":24,"column":41}},"39":{"start":{"line":24,"column":42},"end":{"line":24,"column":55}},"40":{"start":{"line":24,"column":56},"end":{"line":24,"column":65}},"41":{"start":{"line":26,"column":20},"end":{"line":26,"column":128}},"42":{"start":{"line":26,"column":110},"end":{"line":26,"column":116}},"43":{"start":{"line":26,"column":117},"end":{"line":26,"column":126}},"44":{"start":{"line":27,"column":20},"end":{"line":27,"column":106}},"45":{"start":{"line":27,"column":81},"end":{"line":27,"column":97}},"46":{"start":{"line":27,"column":98},"end":{"line":27,"column":104}},"47":{"start":{"line":28,"column":20},"end":{"line":28,"column":89}},"48":{"start":{"line":28,"column":57},"end":{"line":28,"column":72}},"49":{"start":{"line":28,"column":73},"end":{"line":28,"column":80}},"50":{"start":{"line":28,"column":81},"end":{"line":28,"column":87}},"51":{"start":{"line":29,"column":20},"end":{"line":29,"column":87}},"52":{"start":{"line":29,"column":47},"end":{"line":29,"column":62}},"53":{"start":{"line":29,"column":63},"end":{"line":29,"column":78}},"54":{"start":{"line":29,"column":79},"end":{"line":29,"column":85}},"55":{"start":{"line":30,"column":20},"end":{"line":30,"column":42}},"56":{"start":{"line":30,"column":30},"end":{"line":30,"column":42}},"57":{"start":{"line":31,"column":20},"end":{"line":31,"column":33}},"58":{"start":{"line":31,"column":34},"end":{"line":31,"column":43}},"59":{"start":{"line":33,"column":12},"end":{"line":33,"column":39}},"60":{"start":{"line":34,"column":22},"end":{"line":34,"column":34}},"61":{"start":{"line":34,"column":35},"end":{"line":34,"column":41}},"62":{"start":{"line":34,"column":54},"end":{"line":34,"column":64}},"63":{"start":{"line":35,"column":8},"end":{"line":35,"column":35}},"64":{"start":{"line":35,"column":23},"end":{"line":35,"column":35}},"65":{"start":{"line":35,"column":36},"end":{"line":35,"column":89}},"66":{"start":{"line":38,"column":0},"end":{"line":38,"column":62}},"67":{"start":{"line":39,"column":0},"end":{"line":39,"column":122}},"68":{"start":{"line":40,"column":22},"end":{"line":40,"column":65}},"69":{"start":{"line":41,"column":13},"end":{"line":41,"column":36}},"70":{"start":{"line":48,"column":16},"end":{"line":48,"column":17}},"71":{"start":{"line":50,"column":4},"end":{"line":60,"column":7}},"72":{"start":{"line":51,"column":8},"end":{"line":59,"column":9}},"73":{"start":{"line":52,"column":12},"end":{"line":52,"column":23}},"74":{"start":{"line":54,"column":13},"end":{"line":59,"column":9}},"75":{"start":{"line":55,"column":12},"end":{"line":55,"column":23}},"76":{"start":{"line":58,"column":12},"end":{"line":58,"column":32}},"77":{"start":{"line":62,"column":4},"end":{"line":62,"column":24}},"78":{"start":{"line":64,"column":0},"end":{"line":64,"column":48}},"79":{"start":{"line":72,"column":4},"end":{"line":87,"column":7}},"80":{"start":{"line":74,"column":8},"end":{"line":86,"column":11}},"81":{"start":{"line":75,"column":12},"end":{"line":85,"column":13}},"82":{"start":{"line":76,"column":24},"end":{"line":76,"column":78}},"83":{"start":{"line":78,"column":20},"end":{"line":78,"column":44}},"84":{"start":{"line":79,"column":20},"end":{"line":79,"column":69}},"85":{"start":{"line":79,"column":45},"end":{"line":79,"column":69}},"86":{"start":{"line":80,"column":20},"end":{"line":80,"column":55}},"87":{"start":{"line":82,"column":20},"end":{"line":82,"column":49}},"88":{"start":{"line":83,"column":20},"end":{"line":83,"column":74}},"89":{"start":{"line":84,"column":24},"end":{"line":84,"column":59}},"90":{"start":{"line":89,"column":0},"end":{"line":89,"column":32}},"91":{"start":{"line":99,"column":4},"end":{"line":160,"column":7}},"92":{"start":{"line":102,"column":12},"end":{"line":111,"column":15}},"93":{"start":{"line":103,"column":16},"end":{"line":110,"column":19}},"94":{"start":{"line":104,"column":20},"end":{"line":109,"column":21}},"95":{"start":{"line":106,"column":28},"end":{"line":106,"column":57}},"96":{"start":{"line":107,"column":28},"end":{"line":107,"column":82}},"97":{"start":{"line":108,"column":32},"end":{"line":108,"column":67}},"98":{"start":{"line":115,"column":12},"end":{"line":138,"column":15}},"99":{"start":{"line":117,"column":16},"end":{"line":137,"column":19}},"100":{"start":{"line":118,"column":20},"end":{"line":118,"column":59}},"101":{"start":{"line":119,"column":20},"end":{"line":135,"column":21}},"102":{"start":{"line":120,"column":24},"end":{"line":120,"column":65}},"103":{"start":{"line":122,"column":25},"end":{"line":135,"column":21}},"104":{"start":{"line":123,"column":24},"end":{"line":123,"column":65}},"105":{"start":{"line":125,"column":25},"end":{"line":135,"column":21}},"106":{"start":{"line":127,"column":24},"end":{"line":127,"column":65}},"107":{"start":{"line":129,"column":25},"end":{"line":135,"column":21}},"108":{"start":{"line":131,"column":24},"end":{"line":131,"column":65}},"109":{"start":{"line":134,"column":24},"end":{"line":134,"column":59}},"110":{"start":{"line":136,"column":20},"end":{"line":136,"column":42}},"111":{"start":{"line":141,"column":8},"end":{"line":159,"column":11}},"112":{"start":{"line":142,"column":12},"end":{"line":158,"column":13}},"113":{"start":{"line":143,"column":24},"end":{"line":143,"column":78}},"114":{"start":{"line":145,"column":20},"end":{"line":145,"column":44}},"115":{"start":{"line":148,"column":20},"end":{"line":156,"column":28}},"116":{"start":{"line":149,"column":24},"end":{"line":154,"column":25}},"117":{"start":{"line":150,"column":28},"end":{"line":150,"column":65}},"118":{"start":{"line":153,"column":28},"end":{"line":153,"column":69}},"119":{"start":{"line":157,"column":20},"end":{"line":157,"column":55}},"120":{"start":{"line":162,"column":0},"end":{"line":162,"column":32}},"121":{"start":{"line":174,"column":18},"end":{"line":174,"column":20}},"122":{"start":{"line":175,"column":19},"end":{"line":175,"column":20}},"123":{"start":{"line":177,"column":4},"end":{"line":224,"column":5}},"124":{"start":{"line":178,"column":8},"end":{"line":184,"column":9}},"125":{"start":{"line":179,"column":12},"end":{"line":179,"column":28}},"126":{"start":{"line":180,"column":12},"end":{"line":180,"column":25}},"127":{"start":{"line":183,"column":12},"end":{"line":183,"column":29}},"128":{"start":{"line":186,"column":9},"end":{"line":224,"column":5}},"129":{"start":{"line":187,"column":8},"end":{"line":193,"column":9}},"130":{"start":{"line":188,"column":12},"end":{"line":188,"column":28}},"131":{"start":{"line":189,"column":12},"end":{"line":189,"column":28}},"132":{"start":{"line":192,"column":12},"end":{"line":192,"column":29}},"133":{"start":{"line":195,"column":9},"end":{"line":224,"column":5}},"134":{"start":{"line":196,"column":8},"end":{"line":202,"column":9}},"135":{"start":{"line":197,"column":12},"end":{"line":197,"column":28}},"136":{"start":{"line":198,"column":12},"end":{"line":198,"column":25}},"137":{"start":{"line":201,"column":12},"end":{"line":201,"column":29}},"138":{"start":{"line":204,"column":9},"end":{"line":224,"column":5}},"139":{"start":{"line":205,"column":8},"end":{"line":211,"column":9}},"140":{"start":{"line":206,"column":12},"end":{"line":206,"column":28}},"141":{"start":{"line":207,"column":12},"end":{"line":207,"column":26}},"142":{"start":{"line":210,"column":12},"end":{"line":210,"column":29}},"143":{"start":{"line":213,"column":9},"end":{"line":224,"column":5}},"144":{"start":{"line":214,"column":8},"end":{"line":220,"column":9}},"145":{"start":{"line":215,"column":12},"end":{"line":215,"column":28}},"146":{"start":{"line":216,"column":12},"end":{"line":216,"column":26}},"147":{"start":{"line":219,"column":12},"end":{"line":219,"column":29}},"148":{"start":{"line":223,"column":8},"end":{"line":223,"column":25}},"149":{"start":{"line":225,"column":4},"end":{"line":225,"column":52}},"150":{"start":{"line":227,"column":0},"end":{"line":227,"column":38}},"151":{"start":{"line":233,"column":4},"end":{"line":304,"column":7}},"152":{"start":{"line":235,"column":8},"end":{"line":303,"column":11}},"153":{"start":{"line":236,"column":12},"end":{"line":302,"column":13}},"154":{"start":{"line":240,"column":20},"end":{"line":240,"column":37}},"155":{"start":{"line":241,"column":20},"end":{"line":241,"column":61}},"156":{"start":{"line":242,"column":20},"end":{"line":242,"column":84}},"157":{"start":{"line":243,"column":20},"end":{"line":244,"column":61}},"158":{"start":{"line":245,"column":20},"end":{"line":245,"column":101}},"159":{"start":{"line":247,"column":20},"end":{"line":247,"column":36}},"160":{"start":{"line":248,"column":20},"end":{"line":248,"column":56}},"161":{"start":{"line":249,"column":20},"end":{"line":253,"column":52}},"162":{"start":{"line":254,"column":20},"end":{"line":254,"column":89}},"163":{"start":{"line":256,"column":20},"end":{"line":256,"column":42}},"164":{"start":{"line":257,"column":20},"end":{"line":257,"column":85}},"165":{"start":{"line":259,"column":20},"end":{"line":259,"column":30}},"166":{"start":{"line":260,"column":20},"end":{"line":260,"column":85}},"167":{"start":{"line":262,"column":20},"end":{"line":262,"column":30}},"168":{"start":{"line":263,"column":20},"end":{"line":263,"column":67}},"169":{"start":{"line":265,"column":20},"end":{"line":265,"column":48}},"170":{"start":{"line":266,"column":20},"end":{"line":266,"column":75}},"171":{"start":{"line":268,"column":20},"end":{"line":268,"column":48}},"172":{"start":{"line":269,"column":20},"end":{"line":269,"column":71}},"173":{"start":{"line":271,"column":20},"end":{"line":271,"column":30}},"174":{"start":{"line":272,"column":20},"end":{"line":272,"column":71}},"175":{"start":{"line":274,"column":20},"end":{"line":274,"column":30}},"176":{"start":{"line":275,"column":20},"end":{"line":275,"column":83}},"177":{"start":{"line":276,"column":20},"end":{"line":276,"column":83}},"178":{"start":{"line":277,"column":20},"end":{"line":277,"column":127}},"179":{"start":{"line":279,"column":20},"end":{"line":279,"column":81}},"180":{"start":{"line":281,"column":20},"end":{"line":288,"column":21}},"181":{"start":{"line":282,"column":24},"end":{"line":282,"column":47}},"182":{"start":{"line":283,"column":24},"end":{"line":283,"column":65}},"183":{"start":{"line":286,"column":24},"end":{"line":286,"column":48}},"184":{"start":{"line":287,"column":24},"end":{"line":287,"column":54}},"185":{"start":{"line":289,"column":20},"end":{"line":292,"column":28}},"186":{"start":{"line":290,"column":24},"end":{"line":290,"column":75}},"187":{"start":{"line":293,"column":20},"end":{"line":293,"column":89}},"188":{"start":{"line":294,"column":20},"end":{"line":294,"column":98}},"189":{"start":{"line":296,"column":20},"end":{"line":296,"column":42}},"190":{"start":{"line":297,"column":20},"end":{"line":300,"column":28}},"191":{"start":{"line":298,"column":24},"end":{"line":298,"column":42}},"192":{"start":{"line":301,"column":20},"end":{"line":301,"column":42}},"193":{"start":{"line":306,"column":0},"end":{"line":306,"column":30}}},"fnMap":{"0":{"name":"(anonymous_0)","decl":{"start":{"line":2,"column":44},"end":{"line":2,"column":45}},"loc":{"start":{"line":2,"column":89},"end":{"line":10,"column":1}},"line":2},"1":{"name":"adopt","decl":{"start":{"line":3,"column":13},"end":{"line":3,"column":18}},"loc":{"start":{"line":3,"column":26},"end":{"line":3,"column":112}},"line":3},"2":{"name":"(anonymous_2)","decl":{"start":{"line":3,"column":70},"end":{"line":3,"column":71}},"loc":{"start":{"line":3,"column":89},"end":{"line":3,"column":108}},"line":3},"3":{"name":"(anonymous_3)","decl":{"start":{"line":4,"column":36},"end":{"line":4,"column":37}},"loc":{"start":{"line":4,"column":63},"end":{"line":9,"column":5}},"line":4},"4":{"name":"fulfilled","decl":{"start":{"line":5,"column":17},"end":{"line":5,"column":26}},"loc":{"start":{"line":5,"column":34},"end":{"line":5,"column":99}},"line":5},"5":{"name":"rejected","decl":{"start":{"line":6,"column":17},"end":{"line":6,"column":25}},"loc":{"start":{"line":6,"column":33},"end":{"line":6,"column":102}},"line":6},"6":{"name":"step","decl":{"start":{"line":7,"column":17},"end":{"line":7,"column":21}},"loc":{"start":{"line":7,"column":30},"end":{"line":7,"column":118}},"line":7},"7":{"name":"(anonymous_7)","decl":{"start":{"line":11,"column":48},"end":{"line":11,"column":49}},"loc":{"start":{"line":11,"column":73},"end":{"line":37,"column":1}},"line":11},"8":{"name":"(anonymous_8)","decl":{"start":{"line":12,"column":30},"end":{"line":12,"column":31}},"loc":{"start":{"line":12,"column":41},"end":{"line":12,"column":83}},"line":12},"9":{"name":"(anonymous_9)","decl":{"start":{"line":13,"column":125},"end":{"line":13,"column":126}},"loc":{"start":{"line":13,"column":136},"end":{"line":13,"column":152}},"line":13},"10":{"name":"verb","decl":{"start":{"line":14,"column":13},"end":{"line":14,"column":17}},"loc":{"start":{"line":14,"column":21},"end":{"line":14,"column":70}},"line":14},"11":{"name":"(anonymous_11)","decl":{"start":{"line":14,"column":30},"end":{"line":14,"column":31}},"loc":{"start":{"line":14,"column":43},"end":{"line":14,"column":67}},"line":14},"12":{"name":"step","decl":{"start":{"line":15,"column":13},"end":{"line":15,"column":17}},"loc":{"start":{"line":15,"column":22},"end":{"line":36,"column":5}},"line":15},"13":{"name":"calculateHandValue","decl":{"start":{"line":47,"column":9},"end":{"line":47,"column":27}},"loc":{"start":{"line":47,"column":34},"end":{"line":63,"column":1}},"line":47},"14":{"name":"(anonymous_14)","decl":{"start":{"line":50,"column":17},"end":{"line":50,"column":18}},"loc":{"start":{"line":50,"column":33},"end":{"line":60,"column":5}},"line":50},"15":{"name":"playerHand","decl":{"start":{"line":71,"column":9},"end":{"line":71,"column":19}},"loc":{"start":{"line":71,"column":34},"end":{"line":88,"column":1}},"line":71},"16":{"name":"(anonymous_16)","decl":{"start":{"line":72,"column":43},"end":{"line":72,"column":44}},"loc":{"start":{"line":72,"column":55},"end":{"line":87,"column":5}},"line":72},"17":{"name":"(anonymous_17)","decl":{"start":{"line":74,"column":33},"end":{"line":74,"column":34}},"loc":{"start":{"line":74,"column":47},"end":{"line":86,"column":9}},"line":74},"18":{"name":"bankerHand","decl":{"start":{"line":98,"column":9},"end":{"line":98,"column":19}},"loc":{"start":{"line":98,"column":42},"end":{"line":161,"column":1}},"line":98},"19":{"name":"(anonymous_19)","decl":{"start":{"line":99,"column":43},"end":{"line":99,"column":44}},"loc":{"start":{"line":99,"column":55},"end":{"line":160,"column":5}},"line":99},"20":{"name":"bankerThirdCard","decl":{"start":{"line":101,"column":17},"end":{"line":101,"column":32}},"loc":{"start":{"line":101,"column":35},"end":{"line":112,"column":9}},"line":101},"21":{"name":"(anonymous_21)","decl":{"start":{"line":102,"column":51},"end":{"line":102,"column":52}},"loc":{"start":{"line":102,"column":63},"end":{"line":111,"column":13}},"line":102},"22":{"name":"(anonymous_22)","decl":{"start":{"line":103,"column":41},"end":{"line":103,"column":42}},"loc":{"start":{"line":103,"column":55},"end":{"line":110,"column":17}},"line":103},"23":{"name":"bankerRules","decl":{"start":{"line":114,"column":17},"end":{"line":114,"column":28}},"loc":{"start":{"line":114,"column":31},"end":{"line":139,"column":9}},"line":114},"24":{"name":"(anonymous_24)","decl":{"start":{"line":115,"column":51},"end":{"line":115,"column":52}},"loc":{"start":{"line":115,"column":63},"end":{"line":138,"column":13}},"line":115},"25":{"name":"(anonymous_25)","decl":{"start":{"line":117,"column":41},"end":{"line":117,"column":42}},"loc":{"start":{"line":117,"column":55},"end":{"line":137,"column":17}},"line":117},"26":{"name":"(anonymous_26)","decl":{"start":{"line":141,"column":33},"end":{"line":141,"column":34}},"loc":{"start":{"line":141,"column":47},"end":{"line":159,"column":9}},"line":141},"27":{"name":"decideOutcome","decl":{"start":{"line":173,"column":9},"end":{"line":173,"column":22}},"loc":{"start":{"line":173,"column":82},"end":{"line":226,"column":1}},"line":173},"28":{"name":"startGame","decl":{"start":{"line":232,"column":9},"end":{"line":232,"column":18}},"loc":{"start":{"line":232,"column":27},"end":{"line":305,"column":1}},"line":232},"29":{"name":"(anonymous_29)","decl":{"start":{"line":233,"column":43},"end":{"line":233,"column":44}},"loc":{"start":{"line":233,"column":55},"end":{"line":304,"column":5}},"line":233},"30":{"name":"(anonymous_30)","decl":{"start":{"line":235,"column":33},"end":{"line":235,"column":34}},"loc":{"start":{"line":235,"column":47},"end":{"line":303,"column":9}},"line":235}},"branchMap":{"0":{"loc":{"start":{"line":2,"column":16},"end":{"line":10,"column":1}},"type":"binary-expr","locations":[{"start":{"line":2,"column":17},"end":{"line":2,"column":21}},{"start":{"line":2,"column":25},"end":{"line":2,"column":39}},{"start":{"line":2,"column":44},"end":{"line":10,"column":1}}],"line":2},"1":{"loc":{"start":{"line":3,"column":35},"end":{"line":3,"column":109}},"type":"cond-expr","locations":[{"start":{"line":3,"column":56},"end":{"line":3,"column":61}},{"start":{"line":3,"column":64},"end":{"line":3,"column":109}}],"line":3},"2":{"loc":{"start":{"line":4,"column":16},"end":{"line":4,"column":34}},"type":"binary-expr","locations":[{"start":{"line":4,"column":16},"end":{"line":4,"column":17}},{"start":{"line":4,"column":22},"end":{"line":4,"column":33}}],"line":4},"3":{"loc":{"start":{"line":7,"column":32},"end":{"line":7,"column":115}},"type":"cond-expr","locations":[{"start":{"line":7,"column":46},"end":{"line":7,"column":67}},{"start":{"line":7,"column":70},"end":{"line":7,"column":115}}],"line":7},"4":{"loc":{"start":{"line":8,"column":51},"end":{"line":8,"column":67}},"type":"binary-expr","locations":[{"start":{"line":8,"column":51},"end":{"line":8,"column":61}},{"start":{"line":8,"column":65},"end":{"line":8,"column":67}}],"line":8},"5":{"loc":{"start":{"line":11,"column":18},"end":{"line":37,"column":1}},"type":"binary-expr","locations":[{"start":{"line":11,"column":19},"end":{"line":11,"column":23}},{"start":{"line":11,"column":27},"end":{"line":11,"column":43}},{"start":{"line":11,"column":48},"end":{"line":37,"column":1}}],"line":11},"6":{"loc":{"start":{"line":12,"column":43},"end":{"line":12,"column":68}},"type":"if","locations":[{"start":{"line":12,"column":43},"end":{"line":12,"column":68}},{"start":{},"end":{}}],"line":12},"7":{"loc":{"start":{"line":13,"column":71},"end":{"line":13,"column":153}},"type":"binary-expr","locations":[{"start":{"line":13,"column":71},"end":{"line":13,"column":99}},{"start":{"line":13,"column":104},"end":{"line":13,"column":152}}],"line":13},"8":{"loc":{"start":{"line":16,"column":8},"end":{"line":16,"column":70}},"type":"if","locations":[{"start":{"line":16,"column":8},"end":{"line":16,"column":70}},{"start":{},"end":{}}],"line":16},"9":{"loc":{"start":{"line":17,"column":15},"end":{"line":17,"column":45}},"type":"binary-expr","locations":[{"start":{"line":17,"column":15},"end":{"line":17,"column":16}},{"start":{"line":17,"column":21},"end":{"line":17,"column":44}}],"line":17},"10":{"loc":{"start":{"line":17,"column":28},"end":{"line":17,"column":44}},"type":"binary-expr","locations":[{"start":{"line":17,"column":28},"end":{"line":17,"column":33}},{"start":{"line":17,"column":38},"end":{"line":17,"column":43}}],"line":17},"11":{"loc":{"start":{"line":18,"column":12},"end":{"line":18,"column":169}},"type":"if","locations":[{"start":{"line":18,"column":12},"end":{"line":18,"column":169}},{"start":{},"end":{}}],"line":18},"12":{"loc":{"start":{"line":18,"column":23},"end":{"line":18,"column":158}},"type":"binary-expr","locations":[{"start":{"line":18,"column":23},"end":{"line":18,"column":24}},{"start":{"line":18,"column":29},"end":{"line":18,"column":125}},{"start":{"line":18,"column":130},"end":{"line":18,"column":158}}],"line":18},"13":{"loc":{"start":{"line":18,"column":33},"end":{"line":18,"column":125}},"type":"cond-expr","locations":[{"start":{"line":18,"column":45},"end":{"line":18,"column":56}},{"start":{"line":18,"column":59},"end":{"line":18,"column":125}}],"line":18},"14":{"loc":{"start":{"line":18,"column":59},"end":{"line":18,"column":125}},"type":"cond-expr","locations":[{"start":{"line":18,"column":67},"end":{"line":18,"column":116}},{"start":{"line":18,"column":119},"end":{"line":18,"column":125}}],"line":18},"15":{"loc":{"start":{"line":18,"column":67},"end":{"line":18,"column":116}},"type":"binary-expr","locations":[{"start":{"line":18,"column":67},"end":{"line":18,"column":77}},{"start":{"line":18,"column":82},"end":{"line":18,"column":115}}],"line":18},"16":{"loc":{"start":{"line":18,"column":82},"end":{"line":18,"column":112}},"type":"binary-expr","locations":[{"start":{"line":18,"column":83},"end":{"line":18,"column":98}},{"start":{"line":18,"column":103},"end":{"line":18,"column":112}}],"line":18},"17":{"loc":{"start":{"line":19,"column":12},"end":{"line":19,"column":52}},"type":"if","locations":[{"start":{"line":19,"column":12},"end":{"line":19,"column":52}},{"start":{},"end":{}}],"line":19},"18":{"loc":{"start":{"line":20,"column":12},"end":{"line":32,"column":13}},"type":"switch","locations":[{"start":{"line":21,"column":16},"end":{"line":21,"column":23}},{"start":{"line":21,"column":24},"end":{"line":21,"column":46}},{"start":{"line":22,"column":16},"end":{"line":22,"column":72}},{"start":{"line":23,"column":16},"end":{"line":23,"column":65}},{"start":{"line":24,"column":16},"end":{"line":24,"column":65}},{"start":{"line":25,"column":16},"end":{"line":31,"column":43}}],"line":20},"19":{"loc":{"start":{"line":26,"column":20},"end":{"line":26,"column":128}},"type":"if","locations":[{"start":{"line":26,"column":20},"end":{"line":26,"column":128}},{"start":{},"end":{}}],"line":26},"20":{"loc":{"start":{"line":26,"column":24},"end":{"line":26,"column":106}},"type":"binary-expr","locations":[{"start":{"line":26,"column":24},"end":{"line":26,"column":74}},{"start":{"line":26,"column":79},"end":{"line":26,"column":90}},{"start":{"line":26,"column":94},"end":{"line":26,"column":105}}],"line":26},"21":{"loc":{"start":{"line":26,"column":42},"end":{"line":26,"column":73}},"type":"binary-expr","locations":[{"start":{"line":26,"column":42},"end":{"line":26,"column":54}},{"start":{"line":26,"column":58},"end":{"line":26,"column":73}}],"line":26},"22":{"loc":{"start":{"line":27,"column":20},"end":{"line":27,"column":106}},"type":"if","locations":[{"start":{"line":27,"column":20},"end":{"line":27,"column":106}},{"start":{},"end":{}}],"line":27},"23":{"loc":{"start":{"line":27,"column":24},"end":{"line":27,"column":77}},"type":"binary-expr","locations":[{"start":{"line":27,"column":24},"end":{"line":27,"column":35}},{"start":{"line":27,"column":40},"end":{"line":27,"column":42}},{"start":{"line":27,"column":47},"end":{"line":27,"column":59}},{"start":{"line":27,"column":63},"end":{"line":27,"column":75}}],"line":27},"24":{"loc":{"start":{"line":28,"column":20},"end":{"line":28,"column":89}},"type":"if","locations":[{"start":{"line":28,"column":20},"end":{"line":28,"column":89}},{"start":{},"end":{}}],"line":28},"25":{"loc":{"start":{"line":28,"column":24},"end":{"line":28,"column":53}},"type":"binary-expr","locations":[{"start":{"line":28,"column":24},"end":{"line":28,"column":35}},{"start":{"line":28,"column":39},"end":{"line":28,"column":53}}],"line":28},"26":{"loc":{"start":{"line":29,"column":20},"end":{"line":29,"column":87}},"type":"if","locations":[{"start":{"line":29,"column":20},"end":{"line":29,"column":87}},{"start":{},"end":{}}],"line":29},"27":{"loc":{"start":{"line":29,"column":24},"end":{"line":29,"column":43}},"type":"binary-expr","locations":[{"start":{"line":29,"column":24},"end":{"line":29,"column":25}},{"start":{"line":29,"column":29},"end":{"line":29,"column":43}}],"line":29},"28":{"loc":{"start":{"line":30,"column":20},"end":{"line":30,"column":42}},"type":"if","locations":[{"start":{"line":30,"column":20},"end":{"line":30,"column":42}},{"start":{},"end":{}}],"line":30},"29":{"loc":{"start":{"line":35,"column":8},"end":{"line":35,"column":35}},"type":"if","locations":[{"start":{"line":35,"column":8},"end":{"line":35,"column":35}},{"start":{},"end":{}}],"line":35},"30":{"loc":{"start":{"line":35,"column":52},"end":{"line":35,"column":74}},"type":"cond-expr","locations":[{"start":{"line":35,"column":60},"end":{"line":35,"column":65}},{"start":{"line":35,"column":68},"end":{"line":35,"column":74}}],"line":35},"31":{"loc":{"start":{"line":51,"column":8},"end":{"line":59,"column":9}},"type":"if","locations":[{"start":{"line":51,"column":8},"end":{"line":59,"column":9}},{"start":{"line":54,"column":13},"end":{"line":59,"column":9}}],"line":51},"32":{"loc":{"start":{"line":51,"column":12},"end":{"line":51,"column":48}},"type":"binary-expr","locations":[{"start":{"line":51,"column":12},"end":{"line":51,"column":28}},{"start":{"line":51,"column":32},"end":{"line":51,"column":48}}],"line":51},"33":{"loc":{"start":{"line":54,"column":13},"end":{"line":59,"column":9}},"type":"if","locations":[{"start":{"line":54,"column":13},"end":{"line":59,"column":9}},{"start":{"line":57,"column":13},"end":{"line":59,"column":9}}],"line":54},"34":{"loc":{"start":{"line":75,"column":12},"end":{"line":85,"column":13}},"type":"switch","locations":[{"start":{"line":76,"column":16},"end":{"line":76,"column":78}},{"start":{"line":77,"column":16},"end":{"line":80,"column":55}},{"start":{"line":81,"column":16},"end":{"line":83,"column":74}},{"start":{"line":84,"column":16},"end":{"line":84,"column":59}}],"line":75},"35":{"loc":{"start":{"line":79,"column":20},"end":{"line":79,"column":69}},"type":"if","locations":[{"start":{"line":79,"column":20},"end":{"line":79,"column":69}},{"start":{},"end":{}}],"line":79},"36":{"loc":{"start":{"line":104,"column":20},"end":{"line":109,"column":21}},"type":"switch","locations":[{"start":{"line":105,"column":24},"end":{"line":107,"column":82}},{"start":{"line":108,"column":24},"end":{"line":108,"column":67}}],"line":104},"37":{"loc":{"start":{"line":119,"column":20},"end":{"line":135,"column":21}},"type":"if","locations":[{"start":{"line":119,"column":20},"end":{"line":135,"column":21}},{"start":{"line":122,"column":25},"end":{"line":135,"column":21}}],"line":119},"38":{"loc":{"start":{"line":122,"column":25},"end":{"line":135,"column":21}},"type":"if","locations":[{"start":{"line":122,"column":25},"end":{"line":135,"column":21}},{"start":{"line":125,"column":25},"end":{"line":135,"column":21}}],"line":122},"39":{"loc":{"start":{"line":122,"column":29},"end":{"line":122,"column":71}},"type":"binary-expr","locations":[{"start":{"line":122,"column":29},"end":{"line":122,"column":46}},{"start":{"line":122,"column":50},"end":{"line":122,"column":71}}],"line":122},"40":{"loc":{"start":{"line":125,"column":25},"end":{"line":135,"column":21}},"type":"if","locations":[{"start":{"line":125,"column":25},"end":{"line":135,"column":21}},{"start":{"line":129,"column":25},"end":{"line":135,"column":21}}],"line":125},"41":{"loc":{"start":{"line":125,"column":29},"end":{"line":126,"column":70}},"type":"binary-expr","locations":[{"start":{"line":125,"column":29},"end":{"line":125,"column":46}},{"start":{"line":126,"column":25},"end":{"line":126,"column":45}},{"start":{"line":126,"column":49},"end":{"line":126,"column":69}}],"line":125},"42":{"loc":{"start":{"line":129,"column":25},"end":{"line":135,"column":21}},"type":"if","locations":[{"start":{"line":129,"column":25},"end":{"line":135,"column":21}},{"start":{"line":133,"column":25},"end":{"line":135,"column":21}}],"line":129},"43":{"loc":{"start":{"line":129,"column":29},"end":{"line":130,"column":70}},"type":"binary-expr","locations":[{"start":{"line":129,"column":29},"end":{"line":129,"column":46}},{"start":{"line":130,"column":25},"end":{"line":130,"column":45}},{"start":{"line":130,"column":49},"end":{"line":130,"column":69}}],"line":129},"44":{"loc":{"start":{"line":142,"column":12},"end":{"line":158,"column":13}},"type":"switch","locations":[{"start":{"line":143,"column":16},"end":{"line":143,"column":78}},{"start":{"line":144,"column":16},"end":{"line":157,"column":55}}],"line":142},"45":{"loc":{"start":{"line":148,"column":20},"end":{"line":156,"column":28}},"type":"if","locations":[{"start":{"line":148,"column":20},"end":{"line":156,"column":28}},{"start":{"line":156,"column":25},"end":{"line":156,"column":28}}],"line":148},"46":{"loc":{"start":{"line":149,"column":24},"end":{"line":154,"column":25}},"type":"if","locations":[{"start":{"line":149,"column":24},"end":{"line":154,"column":25}},{"start":{"line":152,"column":29},"end":{"line":154,"column":25}}],"line":149},"47":{"loc":{"start":{"line":177,"column":4},"end":{"line":224,"column":5}},"type":"if","locations":[{"start":{"line":177,"column":4},"end":{"line":224,"column":5}},{"start":{"line":186,"column":9},"end":{"line":224,"column":5}}],"line":177},"48":{"loc":{"start":{"line":178,"column":8},"end":{"line":184,"column":9}},"type":"if","locations":[{"start":{"line":178,"column":8},"end":{"line":184,"column":9}},{"start":{"line":182,"column":13},"end":{"line":184,"column":9}}],"line":178},"49":{"loc":{"start":{"line":186,"column":9},"end":{"line":224,"column":5}},"type":"if","locations":[{"start":{"line":186,"column":9},"end":{"line":224,"column":5}},{"start":{"line":195,"column":9},"end":{"line":224,"column":5}}],"line":186},"50":{"loc":{"start":{"line":187,"column":8},"end":{"line":193,"column":9}},"type":"if","locations":[{"start":{"line":187,"column":8},"end":{"line":193,"column":9}},{"start":{"line":191,"column":13},"end":{"line":193,"column":9}}],"line":187},"51":{"loc":{"start":{"line":195,"column":9},"end":{"line":224,"column":5}},"type":"if","locations":[{"start":{"line":195,"column":9},"end":{"line":224,"column":5}},{"start":{"line":204,"column":9},"end":{"line":224,"column":5}}],"line":195},"52":{"loc":{"start":{"line":196,"column":8},"end":{"line":202,"column":9}},"type":"if","locations":[{"start":{"line":196,"column":8},"end":{"line":202,"column":9}},{"start":{"line":200,"column":13},"end":{"line":202,"column":9}}],"line":196},"53":{"loc":{"start":{"line":204,"column":9},"end":{"line":224,"column":5}},"type":"if","locations":[{"start":{"line":204,"column":9},"end":{"line":224,"column":5}},{"start":{"line":213,"column":9},"end":{"line":224,"column":5}}],"line":204},"54":{"loc":{"start":{"line":205,"column":8},"end":{"line":211,"column":9}},"type":"if","locations":[{"start":{"line":205,"column":8},"end":{"line":211,"column":9}},{"start":{"line":209,"column":13},"end":{"line":211,"column":9}}],"line":205},"55":{"loc":{"start":{"line":213,"column":9},"end":{"line":224,"column":5}},"type":"if","locations":[{"start":{"line":213,"column":9},"end":{"line":224,"column":5}},{"start":{"line":222,"column":9},"end":{"line":224,"column":5}}],"line":213},"56":{"loc":{"start":{"line":214,"column":8},"end":{"line":220,"column":9}},"type":"if","locations":[{"start":{"line":214,"column":8},"end":{"line":220,"column":9}},{"start":{"line":218,"column":13},"end":{"line":220,"column":9}}],"line":214},"57":{"loc":{"start":{"line":236,"column":12},"end":{"line":302,"column":13}},"type":"switch","locations":[{"start":{"line":237,"column":16},"end":{"line":245,"column":101}},{"start":{"line":246,"column":16},"end":{"line":254,"column":89}},{"start":{"line":255,"column":16},"end":{"line":257,"column":85}},{"start":{"line":258,"column":16},"end":{"line":260,"column":85}},{"start":{"line":261,"column":16},"end":{"line":263,"column":67}},{"start":{"line":264,"column":16},"end":{"line":266,"column":75}},{"start":{"line":267,"column":16},"end":{"line":269,"column":71}},{"start":{"line":270,"column":16},"end":{"line":272,"column":71}},{"start":{"line":273,"column":16},"end":{"line":277,"column":127}},{"start":{"line":278,"column":16},"end":{"line":294,"column":98}},{"start":{"line":295,"column":16},"end":{"line":301,"column":42}}],"line":236},"58":{"loc":{"start":{"line":281,"column":20},"end":{"line":288,"column":21}},"type":"if","locations":[{"start":{"line":281,"column":20},"end":{"line":288,"column":21}},{"start":{"line":285,"column":25},"end":{"line":288,"column":21}}],"line":281},"59":{"loc":{"start":{"line":289,"column":20},"end":{"line":292,"column":28}},"type":"if","locations":[{"start":{"line":289,"column":20},"end":{"line":292,"column":28}},{"start":{"line":292,"column":25},"end":{"line":292,"column":28}}],"line":289},"60":{"loc":{"start":{"line":297,"column":20},"end":{"line":300,"column":28}},"type":"if","locations":[{"start":{"line":297,"column":20},"end":{"line":300,"column":28}},{"start":{"line":300,"column":25},"end":{"line":300,"column":28}}],"line":297}},"s":{"0":1,"1":84,"2":59,"3":42,"4":84,"5":84,"6":0,"7":0,"8":0,"9":0,"10":126,"11":42,"12":1,"13":42,"14":84,"15":0,"16":84,"17":42,"18":0,"19":126,"20":126,"21":126,"22":0,"23":126,"24":258,"25":258,"26":0,"27":258,"28":0,"29":258,"30":126,"31":126,"32":84,"33":84,"34":0,"35":0,"36":0,"37":0,"38":0,"39":0,"40":0,"41":48,"42":42,"43":42,"44":6,"45":6,"46":6,"47":0,"48":0,"49":0,"50":0,"51":0,"52":0,"53":0,"54":0,"55":0,"56":0,"57":0,"58":0,"59":132,"60":0,"61":0,"62":258,"63":42,"64":0,"65":42,"66":1,"67":1,"68":1,"69":1,"70":38,"71":38,"72":83,"73":18,"74":65,"75":7,"76":58,"77":38,"78":1,"79":7,"80":7,"81":26,"82":7,"83":7,"84":7,"85":6,"86":1,"87":6,"88":6,"89":6,"90":1,"91":14,"92":7,"93":7,"94":14,"95":7,"96":7,"97":7,"98":9,"99":9,"100":9,"101":9,"102":3,"103":6,"104":1,"105":5,"106":1,"107":4,"108":1,"109":3,"110":0,"111":14,"112":28,"113":14,"114":14,"115":14,"116":10,"117":9,"118":1,"119":4,"120":1,"121":16,"122":16,"123":16,"124":4,"125":1,"126":1,"127":3,"128":12,"129":2,"130":1,"131":1,"132":1,"133":10,"134":2,"135":1,"136":1,"137":1,"138":8,"139":2,"140":1,"141":1,"142":1,"143":6,"144":2,"145":1,"146":1,"147":1,"148":4,"149":16,"150":1,"151":5,"152":5,"153":55,"154":5,"155":5,"156":5,"157":5,"158":5,"159":5,"160":5,"161":5,"162":5,"163":5,"164":5,"165":5,"166":5,"167":5,"168":5,"169":5,"170":5,"171":5,"172":5,"173":5,"174":5,"175":5,"176":5,"177":5,"178":5,"179":5,"180":5,"181":0,"182":0,"183":5,"184":5,"185":5,"186":1,"187":5,"188":5,"189":5,"190":5,"191":1,"192":5,"193":1},"f":{"0":42,"1":84,"2":59,"3":42,"4":84,"5":0,"6":126,"7":42,"8":84,"9":0,"10":126,"11":126,"12":126,"13":38,"14":83,"15":7,"16":7,"17":26,"18":14,"19":14,"20":7,"21":7,"22":14,"23":9,"24":9,"25":9,"26":28,"27":16,"28":5,"29":5,"30":55},"b":{"0":[1,1,1],"1":[25,59],"2":[42,42],"3":[42,84],"4":[42,42],"5":[1,1,1],"6":[0,84],"7":[42,42],"8":[0,126],"9":[300,42],"10":[42,0],"11":[0,258],"12":[258,0,0],"13":[0,0],"14":[0,0],"15":[0,0],"16":[0,0],"17":[0,258],"18":[126,126,84,0,0,48],"19":[42,6],"20":[48,48,48],"21":[48,0],"22":[6,0],"23":[6,6,0,0],"24":[0,0],"25":[0,0],"26":[0,0],"27":[0,0],"28":[0,0],"29":[0,42],"30":[42,0],"31":[18,65],"32":[83,25],"33":[7,58],"34":[7,7,6,6],"35":[6,1],"36":[7,7],"37":[3,6],"38":[1,5],"39":[6,3],"40":[1,4],"41":[5,2,2],"42":[1,3],"43":[4,1,1],"44":[14,14],"45":[10,4],"46":[9,1],"47":[4,12],"48":[1,3],"49":[2,10],"50":[1,1],"51":[2,8],"52":[1,1],"53":[2,6],"54":[1,1],"55":[2,4],"56":[1,1],"57":[5,5,5,5,5,5,5,5,5,5,5],"58":[0,5],"59":[1,4],"60":[1,4]},"inputSourceMap":null,"_coverageSchema":"1a1c01bbd47fc00a2c39e90264f33305004495a9","hash":"cc82100e773c3f993d65417270aa2971fea4e94a"}
,"C:\\Users\\vikto\\Desktop\\PKD\\project\\Casino\\Games\\Card Games\\Blackjack\\Blackjack.js": {"path":"C:\\Users\\vikto\\Desktop\\PKD\\project\\Casino\\Games\\Card Games\\Blackjack\\Blackjack.js","statementMap":{"0":{"start":{"line":2,"column":16},"end":{"line":10,"column":1}},"1":{"start":{"line":3,"column":28},"end":{"line":3,"column":110}},"2":{"start":{"line":3,"column":91},"end":{"line":3,"column":106}},"3":{"start":{"line":4,"column":4},"end":{"line":9,"column":7}},"4":{"start":{"line":5,"column":36},"end":{"line":5,"column":97}},"5":{"start":{"line":5,"column":42},"end":{"line":5,"column":70}},"6":{"start":{"line":5,"column":85},"end":{"line":5,"column":95}},"7":{"start":{"line":6,"column":35},"end":{"line":6,"column":100}},"8":{"start":{"line":6,"column":41},"end":{"line":6,"column":73}},"9":{"start":{"line":6,"column":88},"end":{"line":6,"column":98}},"10":{"start":{"line":7,"column":32},"end":{"line":7,"column":116}},"11":{"start":{"line":8,"column":8},"end":{"line":8,"column":78}},"12":{"start":{"line":11,"column":18},"end":{"line":37,"column":1}},"13":{"start":{"line":12,"column":12},"end":{"line":12,"column":104}},"14":{"start":{"line":12,"column":43},"end":{"line":12,"column":68}},"15":{"start":{"line":12,"column":57},"end":{"line":12,"column":68}},"16":{"start":{"line":12,"column":69},"end":{"line":12,"column":81}},"17":{"start":{"line":13,"column":4},"end":{"line":13,"column":157}},"18":{"start":{"line":13,"column":138},"end":{"line":13,"column":150}},"19":{"start":{"line":14,"column":23},"end":{"line":14,"column":68}},"20":{"start":{"line":14,"column":45},"end":{"line":14,"column":65}},"21":{"start":{"line":16,"column":8},"end":{"line":16,"column":70}},"22":{"start":{"line":16,"column":15},"end":{"line":16,"column":70}},"23":{"start":{"line":17,"column":8},"end":{"line":34,"column":66}},"24":{"start":{"line":17,"column":50},"end":{"line":34,"column":66}},"25":{"start":{"line":18,"column":12},"end":{"line":18,"column":169}},"26":{"start":{"line":18,"column":160},"end":{"line":18,"column":169}},"27":{"start":{"line":19,"column":12},"end":{"line":19,"column":52}},"28":{"start":{"line":19,"column":26},"end":{"line":19,"column":52}},"29":{"start":{"line":20,"column":12},"end":{"line":32,"column":13}},"30":{"start":{"line":21,"column":32},"end":{"line":21,"column":39}},"31":{"start":{"line":21,"column":40},"end":{"line":21,"column":46}},"32":{"start":{"line":22,"column":24},"end":{"line":22,"column":34}},"33":{"start":{"line":22,"column":35},"end":{"line":22,"column":72}},"34":{"start":{"line":23,"column":24},"end":{"line":23,"column":34}},"35":{"start":{"line":23,"column":35},"end":{"line":23,"column":45}},"36":{"start":{"line":23,"column":46},"end":{"line":23,"column":55}},"37":{"start":{"line":23,"column":56},"end":{"line":23,"column":65}},"38":{"start":{"line":24,"column":24},"end":{"line":24,"column":41}},"39":{"start":{"line":24,"column":42},"end":{"line":24,"column":55}},"40":{"start":{"line":24,"column":56},"end":{"line":24,"column":65}},"41":{"start":{"line":26,"column":20},"end":{"line":26,"column":128}},"42":{"start":{"line":26,"column":110},"end":{"line":26,"column":116}},"43":{"start":{"line":26,"column":117},"end":{"line":26,"column":126}},"44":{"start":{"line":27,"column":20},"end":{"line":27,"column":106}},"45":{"start":{"line":27,"column":81},"end":{"line":27,"column":97}},"46":{"start":{"line":27,"column":98},"end":{"line":27,"column":104}},"47":{"start":{"line":28,"column":20},"end":{"line":28,"column":89}},"48":{"start":{"line":28,"column":57},"end":{"line":28,"column":72}},"49":{"start":{"line":28,"column":73},"end":{"line":28,"column":80}},"50":{"start":{"line":28,"column":81},"end":{"line":28,"column":87}},"51":{"start":{"line":29,"column":20},"end":{"line":29,"column":87}},"52":{"start":{"line":29,"column":47},"end":{"line":29,"column":62}},"53":{"start":{"line":29,"column":63},"end":{"line":29,"column":78}},"54":{"start":{"line":29,"column":79},"end":{"line":29,"column":85}},"55":{"start":{"line":30,"column":20},"end":{"line":30,"column":42}},"56":{"start":{"line":30,"column":30},"end":{"line":30,"column":42}},"57":{"start":{"line":31,"column":20},"end":{"line":31,"column":33}},"58":{"start":{"line":31,"column":34},"end":{"line":31,"column":43}},"59":{"start":{"line":33,"column":12},"end":{"line":33,"column":39}},"60":{"start":{"line":34,"column":22},"end":{"line":34,"column":34}},"61":{"start":{"line":34,"column":35},"end":{"line":34,"column":41}},"62":{"start":{"line":34,"column":54},"end":{"line":34,"column":64}},"63":{"start":{"line":35,"column":8},"end":{"line":35,"column":35}},"64":{"start":{"line":35,"column":23},"end":{"line":35,"column":35}},"65":{"start":{"line":35,"column":36},"end":{"line":35,"column":89}},"66":{"start":{"line":38,"column":0},"end":{"line":38,"column":62}},"67":{"start":{"line":39,"column":0},"end":{"line":39,"column":143}},"68":{"start":{"line":40,"column":22},"end":{"line":40,"column":65}},"69":{"start":{"line":41,"column":13},"end":{"line":41,"column":36}},"70":{"start":{"line":42,"column":15},"end":{"line":42,"column":48}},"71":{"start":{"line":50,"column":16},"end":{"line":50,"column":17}},"72":{"start":{"line":52,"column":19},"end":{"line":52,"column":84}},"73":{"start":{"line":52,"column":49},"end":{"line":52,"column":74}},"74":{"start":{"line":54,"column":4},"end":{"line":67,"column":7}},"75":{"start":{"line":55,"column":8},"end":{"line":66,"column":9}},"76":{"start":{"line":57,"column":12},"end":{"line":57,"column":24}},"77":{"start":{"line":59,"column":13},"end":{"line":66,"column":9}},"78":{"start":{"line":61,"column":12},"end":{"line":61,"column":24}},"79":{"start":{"line":65,"column":12},"end":{"line":65,"column":32}},"80":{"start":{"line":70,"column":4},"end":{"line":73,"column":5}},"81":{"start":{"line":71,"column":8},"end":{"line":71,"column":20}},"82":{"start":{"line":72,"column":8},"end":{"line":72,"column":19}},"83":{"start":{"line":74,"column":4},"end":{"line":74,"column":17}},"84":{"start":{"line":76,"column":0},"end":{"line":76,"column":48}},"85":{"start":{"line":83,"column":16},"end":{"line":83,"column":40}},"86":{"start":{"line":84,"column":4},"end":{"line":84,"column":45}},"87":{"start":{"line":86,"column":0},"end":{"line":86,"column":46}},"88":{"start":{"line":97,"column":4},"end":{"line":142,"column":7}},"89":{"start":{"line":99,"column":8},"end":{"line":141,"column":11}},"90":{"start":{"line":100,"column":12},"end":{"line":140,"column":13}},"91":{"start":{"line":102,"column":20},"end":{"line":102,"column":66}},"92":{"start":{"line":103,"column":20},"end":{"line":103,"column":38}},"93":{"start":{"line":104,"column":20},"end":{"line":104,"column":40}},"94":{"start":{"line":105,"column":20},"end":{"line":105,"column":33}},"95":{"start":{"line":107,"column":20},"end":{"line":107,"column":69}},"96":{"start":{"line":107,"column":45},"end":{"line":107,"column":69}},"97":{"start":{"line":108,"column":20},"end":{"line":108,"column":75}},"98":{"start":{"line":109,"column":20},"end":{"line":109,"column":116}},"99":{"start":{"line":110,"column":20},"end":{"line":110,"column":90}},"100":{"start":{"line":112,"column":20},"end":{"line":112,"column":43}},"101":{"start":{"line":113,"column":20},"end":{"line":129,"column":21}},"102":{"start":{"line":114,"column":24},"end":{"line":114,"column":46}},"103":{"start":{"line":115,"column":24},"end":{"line":115,"column":33}},"104":{"start":{"line":116,"column":24},"end":{"line":116,"column":53}},"105":{"start":{"line":117,"column":24},"end":{"line":117,"column":73}},"106":{"start":{"line":118,"column":24},"end":{"line":118,"column":43}},"107":{"start":{"line":119,"column":24},"end":{"line":119,"column":70}},"108":{"start":{"line":120,"column":24},"end":{"line":120,"column":48}},"109":{"start":{"line":122,"column":25},"end":{"line":129,"column":21}},"110":{"start":{"line":123,"column":24},"end":{"line":123,"column":53}},"111":{"start":{"line":124,"column":24},"end":{"line":124,"column":56}},"112":{"start":{"line":125,"column":24},"end":{"line":125,"column":70}},"113":{"start":{"line":127,"column":25},"end":{"line":129,"column":21}},"114":{"start":{"line":128,"column":24},"end":{"line":128,"column":48}},"115":{"start":{"line":130,"column":20},"end":{"line":130,"column":44}},"116":{"start":{"line":131,"column":24},"end":{"line":131,"column":75}},"117":{"start":{"line":133,"column":20},"end":{"line":133,"column":30}},"118":{"start":{"line":134,"column":20},"end":{"line":138,"column":21}},"119":{"start":{"line":135,"column":24},"end":{"line":135,"column":55}},"120":{"start":{"line":136,"column":24},"end":{"line":136,"column":46}},"121":{"start":{"line":137,"column":24},"end":{"line":137,"column":53}},"122":{"start":{"line":139,"column":20},"end":{"line":139,"column":48}},"123":{"start":{"line":144,"column":0},"end":{"line":144,"column":32}},"124":{"start":{"line":154,"column":4},"end":{"line":180,"column":7}},"125":{"start":{"line":156,"column":8},"end":{"line":179,"column":11}},"126":{"start":{"line":157,"column":12},"end":{"line":178,"column":13}},"127":{"start":{"line":159,"column":20},"end":{"line":159,"column":66}},"128":{"start":{"line":161,"column":20},"end":{"line":164,"column":21}},"129":{"start":{"line":162,"column":24},"end":{"line":162,"column":61}},"130":{"start":{"line":163,"column":24},"end":{"line":163,"column":50}},"131":{"start":{"line":166,"column":20},"end":{"line":171,"column":21}},"132":{"start":{"line":168,"column":24},"end":{"line":168,"column":53}},"133":{"start":{"line":170,"column":24},"end":{"line":170,"column":70}},"134":{"start":{"line":173,"column":20},"end":{"line":173,"column":71}},"135":{"start":{"line":176,"column":20},"end":{"line":176,"column":30}},"136":{"start":{"line":177,"column":20},"end":{"line":177,"column":55}},"137":{"start":{"line":182,"column":0},"end":{"line":182,"column":32}},"138":{"start":{"line":190,"column":4},"end":{"line":204,"column":7}},"139":{"start":{"line":192,"column":8},"end":{"line":203,"column":11}},"140":{"start":{"line":193,"column":12},"end":{"line":202,"column":13}},"141":{"start":{"line":195,"column":20},"end":{"line":195,"column":28}},"142":{"start":{"line":196,"column":20},"end":{"line":196,"column":103}},"143":{"start":{"line":197,"column":20},"end":{"line":197,"column":101}},"144":{"start":{"line":199,"column":20},"end":{"line":199,"column":42}},"145":{"start":{"line":200,"column":20},"end":{"line":200,"column":50}},"146":{"start":{"line":201,"column":20},"end":{"line":201,"column":47}},"147":{"start":{"line":206,"column":0},"end":{"line":206,"column":24}},"148":{"start":{"line":212,"column":4},"end":{"line":280,"column":7}},"149":{"start":{"line":214,"column":8},"end":{"line":279,"column":11}},"150":{"start":{"line":215,"column":12},"end":{"line":278,"column":13}},"151":{"start":{"line":217,"column":20},"end":{"line":217,"column":73}},"152":{"start":{"line":218,"column":20},"end":{"line":218,"column":35}},"153":{"start":{"line":219,"column":20},"end":{"line":219,"column":33}},"154":{"start":{"line":221,"column":20},"end":{"line":221,"column":37}},"155":{"start":{"line":222,"column":20},"end":{"line":222,"column":37}},"156":{"start":{"line":223,"column":20},"end":{"line":223,"column":61}},"157":{"start":{"line":224,"column":20},"end":{"line":224,"column":57}},"158":{"start":{"line":225,"column":20},"end":{"line":225,"column":57}},"159":{"start":{"line":227,"column":20},"end":{"line":227,"column":36}},"160":{"start":{"line":228,"column":20},"end":{"line":228,"column":63}},"161":{"start":{"line":229,"column":20},"end":{"line":229,"column":63}},"162":{"start":{"line":230,"column":20},"end":{"line":230,"column":46}},"163":{"start":{"line":231,"column":20},"end":{"line":231,"column":49}},"164":{"start":{"line":232,"column":20},"end":{"line":232,"column":117}},"165":{"start":{"line":232,"column":93},"end":{"line":232,"column":117}},"166":{"start":{"line":233,"column":20},"end":{"line":233,"column":88}},"167":{"start":{"line":234,"column":20},"end":{"line":234,"column":44}},"168":{"start":{"line":236,"column":20},"end":{"line":236,"column":81}},"169":{"start":{"line":236,"column":57},"end":{"line":236,"column":81}},"170":{"start":{"line":237,"column":20},"end":{"line":237,"column":69}},"171":{"start":{"line":238,"column":20},"end":{"line":238,"column":48}},"172":{"start":{"line":239,"column":20},"end":{"line":239,"column":44}},"173":{"start":{"line":240,"column":24},"end":{"line":240,"column":76}},"174":{"start":{"line":242,"column":20},"end":{"line":242,"column":50}},"175":{"start":{"line":243,"column":20},"end":{"line":243,"column":69}},"176":{"start":{"line":243,"column":45},"end":{"line":243,"column":69}},"177":{"start":{"line":244,"column":20},"end":{"line":244,"column":45}},"178":{"start":{"line":245,"column":20},"end":{"line":245,"column":42}},"179":{"start":{"line":246,"column":20},"end":{"line":246,"column":44}},"180":{"start":{"line":247,"column":24},"end":{"line":247,"column":71}},"181":{"start":{"line":249,"column":20},"end":{"line":249,"column":44}},"182":{"start":{"line":250,"column":20},"end":{"line":250,"column":66}},"183":{"start":{"line":251,"column":20},"end":{"line":261,"column":21}},"184":{"start":{"line":252,"column":24},"end":{"line":252,"column":48}},"185":{"start":{"line":253,"column":24},"end":{"line":253,"column":46}},"186":{"start":{"line":255,"column":25},"end":{"line":261,"column":21}},"187":{"start":{"line":256,"column":24},"end":{"line":256,"column":52}},"188":{"start":{"line":257,"column":24},"end":{"line":257,"column":46}},"189":{"start":{"line":260,"column":24},"end":{"line":260,"column":52}},"190":{"start":{"line":262,"column":20},"end":{"line":262,"column":33}},"191":{"start":{"line":264,"column":20},"end":{"line":264,"column":72}},"192":{"start":{"line":264,"column":47},"end":{"line":264,"column":72}},"193":{"start":{"line":265,"column":20},"end":{"line":265,"column":125}},"194":{"start":{"line":267,"column":20},"end":{"line":267,"column":42}},"195":{"start":{"line":268,"column":20},"end":{"line":268,"column":45}},"196":{"start":{"line":270,"column":20},"end":{"line":270,"column":71}},"197":{"start":{"line":271,"column":20},"end":{"line":271,"column":45}},"198":{"start":{"line":273,"column":20},"end":{"line":273,"column":67}},"199":{"start":{"line":273,"column":43},"end":{"line":273,"column":67}},"200":{"start":{"line":274,"column":20},"end":{"line":274,"column":34}},"201":{"start":{"line":276,"column":20},"end":{"line":276,"column":58}},"202":{"start":{"line":277,"column":20},"end":{"line":277,"column":42}},"203":{"start":{"line":282,"column":0},"end":{"line":282,"column":30}}},"fnMap":{"0":{"name":"(anonymous_0)","decl":{"start":{"line":2,"column":44},"end":{"line":2,"column":45}},"loc":{"start":{"line":2,"column":89},"end":{"line":10,"column":1}},"line":2},"1":{"name":"adopt","decl":{"start":{"line":3,"column":13},"end":{"line":3,"column":18}},"loc":{"start":{"line":3,"column":26},"end":{"line":3,"column":112}},"line":3},"2":{"name":"(anonymous_2)","decl":{"start":{"line":3,"column":70},"end":{"line":3,"column":71}},"loc":{"start":{"line":3,"column":89},"end":{"line":3,"column":108}},"line":3},"3":{"name":"(anonymous_3)","decl":{"start":{"line":4,"column":36},"end":{"line":4,"column":37}},"loc":{"start":{"line":4,"column":63},"end":{"line":9,"column":5}},"line":4},"4":{"name":"fulfilled","decl":{"start":{"line":5,"column":17},"end":{"line":5,"column":26}},"loc":{"start":{"line":5,"column":34},"end":{"line":5,"column":99}},"line":5},"5":{"name":"rejected","decl":{"start":{"line":6,"column":17},"end":{"line":6,"column":25}},"loc":{"start":{"line":6,"column":33},"end":{"line":6,"column":102}},"line":6},"6":{"name":"step","decl":{"start":{"line":7,"column":17},"end":{"line":7,"column":21}},"loc":{"start":{"line":7,"column":30},"end":{"line":7,"column":118}},"line":7},"7":{"name":"(anonymous_7)","decl":{"start":{"line":11,"column":48},"end":{"line":11,"column":49}},"loc":{"start":{"line":11,"column":73},"end":{"line":37,"column":1}},"line":11},"8":{"name":"(anonymous_8)","decl":{"start":{"line":12,"column":30},"end":{"line":12,"column":31}},"loc":{"start":{"line":12,"column":41},"end":{"line":12,"column":83}},"line":12},"9":{"name":"(anonymous_9)","decl":{"start":{"line":13,"column":125},"end":{"line":13,"column":126}},"loc":{"start":{"line":13,"column":136},"end":{"line":13,"column":152}},"line":13},"10":{"name":"verb","decl":{"start":{"line":14,"column":13},"end":{"line":14,"column":17}},"loc":{"start":{"line":14,"column":21},"end":{"line":14,"column":70}},"line":14},"11":{"name":"(anonymous_11)","decl":{"start":{"line":14,"column":30},"end":{"line":14,"column":31}},"loc":{"start":{"line":14,"column":43},"end":{"line":14,"column":67}},"line":14},"12":{"name":"step","decl":{"start":{"line":15,"column":13},"end":{"line":15,"column":17}},"loc":{"start":{"line":15,"column":22},"end":{"line":36,"column":5}},"line":15},"13":{"name":"calculateHandValue","decl":{"start":{"line":49,"column":9},"end":{"line":49,"column":27}},"loc":{"start":{"line":49,"column":34},"end":{"line":75,"column":1}},"line":49},"14":{"name":"(anonymous_14)","decl":{"start":{"line":52,"column":31},"end":{"line":52,"column":32}},"loc":{"start":{"line":52,"column":47},"end":{"line":52,"column":76}},"line":52},"15":{"name":"(anonymous_15)","decl":{"start":{"line":54,"column":17},"end":{"line":54,"column":18}},"loc":{"start":{"line":54,"column":33},"end":{"line":67,"column":5}},"line":54},"16":{"name":"checkForBlackjack","decl":{"start":{"line":82,"column":9},"end":{"line":82,"column":26}},"loc":{"start":{"line":82,"column":33},"end":{"line":85,"column":1}},"line":82},"17":{"name":"playerTurn","decl":{"start":{"line":96,"column":9},"end":{"line":96,"column":19}},"loc":{"start":{"line":96,"column":47},"end":{"line":143,"column":1}},"line":96},"18":{"name":"(anonymous_18)","decl":{"start":{"line":97,"column":43},"end":{"line":97,"column":44}},"loc":{"start":{"line":97,"column":55},"end":{"line":142,"column":5}},"line":97},"19":{"name":"(anonymous_19)","decl":{"start":{"line":99,"column":33},"end":{"line":99,"column":34}},"loc":{"start":{"line":99,"column":47},"end":{"line":141,"column":9}},"line":99},"20":{"name":"dealerTurn","decl":{"start":{"line":153,"column":9},"end":{"line":153,"column":19}},"loc":{"start":{"line":153,"column":34},"end":{"line":181,"column":1}},"line":153},"21":{"name":"(anonymous_21)","decl":{"start":{"line":154,"column":43},"end":{"line":154,"column":44}},"loc":{"start":{"line":154,"column":55},"end":{"line":180,"column":5}},"line":154},"22":{"name":"(anonymous_22)","decl":{"start":{"line":156,"column":33},"end":{"line":156,"column":34}},"loc":{"start":{"line":156,"column":47},"end":{"line":179,"column":9}},"line":156},"23":{"name":"getBet","decl":{"start":{"line":189,"column":9},"end":{"line":189,"column":15}},"loc":{"start":{"line":189,"column":24},"end":{"line":205,"column":1}},"line":189},"24":{"name":"(anonymous_24)","decl":{"start":{"line":190,"column":43},"end":{"line":190,"column":44}},"loc":{"start":{"line":190,"column":55},"end":{"line":204,"column":5}},"line":190},"25":{"name":"(anonymous_25)","decl":{"start":{"line":192,"column":33},"end":{"line":192,"column":34}},"loc":{"start":{"line":192,"column":47},"end":{"line":203,"column":9}},"line":192},"26":{"name":"startGame","decl":{"start":{"line":211,"column":9},"end":{"line":211,"column":18}},"loc":{"start":{"line":211,"column":27},"end":{"line":281,"column":1}},"line":211},"27":{"name":"(anonymous_27)","decl":{"start":{"line":212,"column":43},"end":{"line":212,"column":44}},"loc":{"start":{"line":212,"column":55},"end":{"line":280,"column":5}},"line":212},"28":{"name":"(anonymous_28)","decl":{"start":{"line":214,"column":33},"end":{"line":214,"column":34}},"loc":{"start":{"line":214,"column":47},"end":{"line":279,"column":9}},"line":214}},"branchMap":{"0":{"loc":{"start":{"line":2,"column":16},"end":{"line":10,"column":1}},"type":"binary-expr","locations":[{"start":{"line":2,"column":17},"end":{"line":2,"column":21}},{"start":{"line":2,"column":25},"end":{"line":2,"column":39}},{"start":{"line":2,"column":44},"end":{"line":10,"column":1}}],"line":2},"1":{"loc":{"start":{"line":3,"column":35},"end":{"line":3,"column":109}},"type":"cond-expr","locations":[{"start":{"line":3,"column":56},"end":{"line":3,"column":61}},{"start":{"line":3,"column":64},"end":{"line":3,"column":109}}],"line":3},"2":{"loc":{"start":{"line":4,"column":16},"end":{"line":4,"column":34}},"type":"binary-expr","locations":[{"start":{"line":4,"column":16},"end":{"line":4,"column":17}},{"start":{"line":4,"column":22},"end":{"line":4,"column":33}}],"line":4},"3":{"loc":{"start":{"line":7,"column":32},"end":{"line":7,"column":115}},"type":"cond-expr","locations":[{"start":{"line":7,"column":46},"end":{"line":7,"column":67}},{"start":{"line":7,"column":70},"end":{"line":7,"column":115}}],"line":7},"4":{"loc":{"start":{"line":8,"column":51},"end":{"line":8,"column":67}},"type":"binary-expr","locations":[{"start":{"line":8,"column":51},"end":{"line":8,"column":61}},{"start":{"line":8,"column":65},"end":{"line":8,"column":67}}],"line":8},"5":{"loc":{"start":{"line":11,"column":18},"end":{"line":37,"column":1}},"type":"binary-expr","locations":[{"start":{"line":11,"column":19},"end":{"line":11,"column":23}},{"start":{"line":11,"column":27},"end":{"line":11,"column":43}},{"start":{"line":11,"column":48},"end":{"line":37,"column":1}}],"line":11},"6":{"loc":{"start":{"line":12,"column":43},"end":{"line":12,"column":68}},"type":"if","locations":[{"start":{"line":12,"column":43},"end":{"line":12,"column":68}},{"start":{},"end":{}}],"line":12},"7":{"loc":{"start":{"line":13,"column":71},"end":{"line":13,"column":153}},"type":"binary-expr","locations":[{"start":{"line":13,"column":71},"end":{"line":13,"column":99}},{"start":{"line":13,"column":104},"end":{"line":13,"column":152}}],"line":13},"8":{"loc":{"start":{"line":16,"column":8},"end":{"line":16,"column":70}},"type":"if","locations":[{"start":{"line":16,"column":8},"end":{"line":16,"column":70}},{"start":{},"end":{}}],"line":16},"9":{"loc":{"start":{"line":17,"column":15},"end":{"line":17,"column":45}},"type":"binary-expr","locations":[{"start":{"line":17,"column":15},"end":{"line":17,"column":16}},{"start":{"line":17,"column":21},"end":{"line":17,"column":44}}],"line":17},"10":{"loc":{"start":{"line":17,"column":28},"end":{"line":17,"column":44}},"type":"binary-expr","locations":[{"start":{"line":17,"column":28},"end":{"line":17,"column":33}},{"start":{"line":17,"column":38},"end":{"line":17,"column":43}}],"line":17},"11":{"loc":{"start":{"line":18,"column":12},"end":{"line":18,"column":169}},"type":"if","locations":[{"start":{"line":18,"column":12},"end":{"line":18,"column":169}},{"start":{},"end":{}}],"line":18},"12":{"loc":{"start":{"line":18,"column":23},"end":{"line":18,"column":158}},"type":"binary-expr","locations":[{"start":{"line":18,"column":23},"end":{"line":18,"column":24}},{"start":{"line":18,"column":29},"end":{"line":18,"column":125}},{"start":{"line":18,"column":130},"end":{"line":18,"column":158}}],"line":18},"13":{"loc":{"start":{"line":18,"column":33},"end":{"line":18,"column":125}},"type":"cond-expr","locations":[{"start":{"line":18,"column":45},"end":{"line":18,"column":56}},{"start":{"line":18,"column":59},"end":{"line":18,"column":125}}],"line":18},"14":{"loc":{"start":{"line":18,"column":59},"end":{"line":18,"column":125}},"type":"cond-expr","locations":[{"start":{"line":18,"column":67},"end":{"line":18,"column":116}},{"start":{"line":18,"column":119},"end":{"line":18,"column":125}}],"line":18},"15":{"loc":{"start":{"line":18,"column":67},"end":{"line":18,"column":116}},"type":"binary-expr","locations":[{"start":{"line":18,"column":67},"end":{"line":18,"column":77}},{"start":{"line":18,"column":82},"end":{"line":18,"column":115}}],"line":18},"16":{"loc":{"start":{"line":18,"column":82},"end":{"line":18,"column":112}},"type":"binary-expr","locations":[{"start":{"line":18,"column":83},"end":{"line":18,"column":98}},{"start":{"line":18,"column":103},"end":{"line":18,"column":112}}],"line":18},"17":{"loc":{"start":{"line":19,"column":12},"end":{"line":19,"column":52}},"type":"if","locations":[{"start":{"line":19,"column":12},"end":{"line":19,"column":52}},{"start":{},"end":{}}],"line":19},"18":{"loc":{"start":{"line":20,"column":12},"end":{"line":32,"column":13}},"type":"switch","locations":[{"start":{"line":21,"column":16},"end":{"line":21,"column":23}},{"start":{"line":21,"column":24},"end":{"line":21,"column":46}},{"start":{"line":22,"column":16},"end":{"line":22,"column":72}},{"start":{"line":23,"column":16},"end":{"line":23,"column":65}},{"start":{"line":24,"column":16},"end":{"line":24,"column":65}},{"start":{"line":25,"column":16},"end":{"line":31,"column":43}}],"line":20},"19":{"loc":{"start":{"line":26,"column":20},"end":{"line":26,"column":128}},"type":"if","locations":[{"start":{"line":26,"column":20},"end":{"line":26,"column":128}},{"start":{},"end":{}}],"line":26},"20":{"loc":{"start":{"line":26,"column":24},"end":{"line":26,"column":106}},"type":"binary-expr","locations":[{"start":{"line":26,"column":24},"end":{"line":26,"column":74}},{"start":{"line":26,"column":79},"end":{"line":26,"column":90}},{"start":{"line":26,"column":94},"end":{"line":26,"column":105}}],"line":26},"21":{"loc":{"start":{"line":26,"column":42},"end":{"line":26,"column":73}},"type":"binary-expr","locations":[{"start":{"line":26,"column":42},"end":{"line":26,"column":54}},{"start":{"line":26,"column":58},"end":{"line":26,"column":73}}],"line":26},"22":{"loc":{"start":{"line":27,"column":20},"end":{"line":27,"column":106}},"type":"if","locations":[{"start":{"line":27,"column":20},"end":{"line":27,"column":106}},{"start":{},"end":{}}],"line":27},"23":{"loc":{"start":{"line":27,"column":24},"end":{"line":27,"column":77}},"type":"binary-expr","locations":[{"start":{"line":27,"column":24},"end":{"line":27,"column":35}},{"start":{"line":27,"column":40},"end":{"line":27,"column":42}},{"start":{"line":27,"column":47},"end":{"line":27,"column":59}},{"start":{"line":27,"column":63},"end":{"line":27,"column":75}}],"line":27},"24":{"loc":{"start":{"line":28,"column":20},"end":{"line":28,"column":89}},"type":"if","locations":[{"start":{"line":28,"column":20},"end":{"line":28,"column":89}},{"start":{},"end":{}}],"line":28},"25":{"loc":{"start":{"line":28,"column":24},"end":{"line":28,"column":53}},"type":"binary-expr","locations":[{"start":{"line":28,"column":24},"end":{"line":28,"column":35}},{"start":{"line":28,"column":39},"end":{"line":28,"column":53}}],"line":28},"26":{"loc":{"start":{"line":29,"column":20},"end":{"line":29,"column":87}},"type":"if","locations":[{"start":{"line":29,"column":20},"end":{"line":29,"column":87}},{"start":{},"end":{}}],"line":29},"27":{"loc":{"start":{"line":29,"column":24},"end":{"line":29,"column":43}},"type":"binary-expr","locations":[{"start":{"line":29,"column":24},"end":{"line":29,"column":25}},{"start":{"line":29,"column":29},"end":{"line":29,"column":43}}],"line":29},"28":{"loc":{"start":{"line":30,"column":20},"end":{"line":30,"column":42}},"type":"if","locations":[{"start":{"line":30,"column":20},"end":{"line":30,"column":42}},{"start":{},"end":{}}],"line":30},"29":{"loc":{"start":{"line":35,"column":8},"end":{"line":35,"column":35}},"type":"if","locations":[{"start":{"line":35,"column":8},"end":{"line":35,"column":35}},{"start":{},"end":{}}],"line":35},"30":{"loc":{"start":{"line":35,"column":52},"end":{"line":35,"column":74}},"type":"cond-expr","locations":[{"start":{"line":35,"column":60},"end":{"line":35,"column":65}},{"start":{"line":35,"column":68},"end":{"line":35,"column":74}}],"line":35},"31":{"loc":{"start":{"line":55,"column":8},"end":{"line":66,"column":9}},"type":"if","locations":[{"start":{"line":55,"column":8},"end":{"line":66,"column":9}},{"start":{"line":59,"column":13},"end":{"line":66,"column":9}}],"line":55},"32":{"loc":{"start":{"line":55,"column":12},"end":{"line":55,"column":48}},"type":"binary-expr","locations":[{"start":{"line":55,"column":12},"end":{"line":55,"column":28}},{"start":{"line":55,"column":32},"end":{"line":55,"column":48}}],"line":55},"33":{"loc":{"start":{"line":59,"column":13},"end":{"line":66,"column":9}},"type":"if","locations":[{"start":{"line":59,"column":13},"end":{"line":66,"column":9}},{"start":{"line":63,"column":13},"end":{"line":66,"column":9}}],"line":59},"34":{"loc":{"start":{"line":70,"column":11},"end":{"line":70,"column":37}},"type":"binary-expr","locations":[{"start":{"line":70,"column":11},"end":{"line":70,"column":21}},{"start":{"line":70,"column":25},"end":{"line":70,"column":37}}],"line":70},"35":{"loc":{"start":{"line":84,"column":11},"end":{"line":84,"column":44}},"type":"binary-expr","locations":[{"start":{"line":84,"column":11},"end":{"line":84,"column":28}},{"start":{"line":84,"column":32},"end":{"line":84,"column":44}}],"line":84},"36":{"loc":{"start":{"line":100,"column":12},"end":{"line":140,"column":13}},"type":"switch","locations":[{"start":{"line":101,"column":16},"end":{"line":105,"column":33}},{"start":{"line":106,"column":16},"end":{"line":110,"column":90}},{"start":{"line":111,"column":16},"end":{"line":130,"column":44}},{"start":{"line":131,"column":16},"end":{"line":131,"column":75}},{"start":{"line":132,"column":16},"end":{"line":139,"column":48}}],"line":100},"37":{"loc":{"start":{"line":107,"column":20},"end":{"line":107,"column":69}},"type":"if","locations":[{"start":{"line":107,"column":20},"end":{"line":107,"column":69}},{"start":{},"end":{}}],"line":107},"38":{"loc":{"start":{"line":113,"column":20},"end":{"line":129,"column":21}},"type":"if","locations":[{"start":{"line":113,"column":20},"end":{"line":129,"column":21}},{"start":{"line":122,"column":25},"end":{"line":129,"column":21}}],"line":113},"39":{"loc":{"start":{"line":113,"column":24},"end":{"line":113,"column":115}},"type":"binary-expr","locations":[{"start":{"line":113,"column":24},"end":{"line":113,"column":42}},{"start":{"line":113,"column":46},"end":{"line":113,"column":58}},{"start":{"line":113,"column":62},"end":{"line":113,"column":86}},{"start":{"line":113,"column":90},"end":{"line":113,"column":115}}],"line":113},"40":{"loc":{"start":{"line":122,"column":25},"end":{"line":129,"column":21}},"type":"if","locations":[{"start":{"line":122,"column":25},"end":{"line":129,"column":21}},{"start":{"line":127,"column":25},"end":{"line":129,"column":21}}],"line":122},"41":{"loc":{"start":{"line":127,"column":25},"end":{"line":129,"column":21}},"type":"if","locations":[{"start":{"line":127,"column":25},"end":{"line":129,"column":21}},{"start":{},"end":{}}],"line":127},"42":{"loc":{"start":{"line":134,"column":20},"end":{"line":138,"column":21}},"type":"if","locations":[{"start":{"line":134,"column":20},"end":{"line":138,"column":21}},{"start":{},"end":{}}],"line":134},"43":{"loc":{"start":{"line":157,"column":12},"end":{"line":178,"column":13}},"type":"switch","locations":[{"start":{"line":158,"column":16},"end":{"line":173,"column":71}},{"start":{"line":174,"column":16},"end":{"line":177,"column":55}}],"line":157},"44":{"loc":{"start":{"line":161,"column":20},"end":{"line":164,"column":21}},"type":"if","locations":[{"start":{"line":161,"column":20},"end":{"line":164,"column":21}},{"start":{},"end":{}}],"line":161},"45":{"loc":{"start":{"line":193,"column":12},"end":{"line":202,"column":13}},"type":"switch","locations":[{"start":{"line":194,"column":16},"end":{"line":197,"column":101}},{"start":{"line":198,"column":16},"end":{"line":201,"column":47}}],"line":193},"46":{"loc":{"start":{"line":215,"column":12},"end":{"line":278,"column":13}},"type":"switch","locations":[{"start":{"line":216,"column":16},"end":{"line":219,"column":33}},{"start":{"line":220,"column":16},"end":{"line":225,"column":57}},{"start":{"line":226,"column":16},"end":{"line":234,"column":44}},{"start":{"line":235,"column":16},"end":{"line":239,"column":44}},{"start":{"line":240,"column":16},"end":{"line":240,"column":76}},{"start":{"line":241,"column":16},"end":{"line":246,"column":44}},{"start":{"line":247,"column":16},"end":{"line":247,"column":71}},{"start":{"line":248,"column":16},"end":{"line":262,"column":33}},{"start":{"line":263,"column":16},"end":{"line":265,"column":125}},{"start":{"line":266,"column":16},"end":{"line":268,"column":45}},{"start":{"line":269,"column":16},"end":{"line":271,"column":45}},{"start":{"line":272,"column":16},"end":{"line":274,"column":34}},{"start":{"line":275,"column":16},"end":{"line":277,"column":42}}],"line":215},"47":{"loc":{"start":{"line":232,"column":20},"end":{"line":232,"column":117}},"type":"if","locations":[{"start":{"line":232,"column":20},"end":{"line":232,"column":117}},{"start":{},"end":{}}],"line":232},"48":{"loc":{"start":{"line":232,"column":26},"end":{"line":232,"column":90}},"type":"binary-expr","locations":[{"start":{"line":232,"column":26},"end":{"line":232,"column":56}},{"start":{"line":232,"column":60},"end":{"line":232,"column":90}}],"line":232},"49":{"loc":{"start":{"line":236,"column":20},"end":{"line":236,"column":81}},"type":"if","locations":[{"start":{"line":236,"column":20},"end":{"line":236,"column":81}},{"start":{},"end":{}}],"line":236},"50":{"loc":{"start":{"line":243,"column":20},"end":{"line":243,"column":69}},"type":"if","locations":[{"start":{"line":243,"column":20},"end":{"line":243,"column":69}},{"start":{},"end":{}}],"line":243},"51":{"loc":{"start":{"line":251,"column":20},"end":{"line":261,"column":21}},"type":"if","locations":[{"start":{"line":251,"column":20},"end":{"line":261,"column":21}},{"start":{"line":255,"column":25},"end":{"line":261,"column":21}}],"line":251},"52":{"loc":{"start":{"line":251,"column":24},"end":{"line":251,"column":69}},"type":"binary-expr","locations":[{"start":{"line":251,"column":24},"end":{"line":251,"column":40}},{"start":{"line":251,"column":44},"end":{"line":251,"column":69}}],"line":251},"53":{"loc":{"start":{"line":255,"column":25},"end":{"line":261,"column":21}},"type":"if","locations":[{"start":{"line":255,"column":25},"end":{"line":261,"column":21}},{"start":{"line":259,"column":25},"end":{"line":261,"column":21}}],"line":255},"54":{"loc":{"start":{"line":264,"column":20},"end":{"line":264,"column":72}},"type":"if","locations":[{"start":{"line":264,"column":20},"end":{"line":264,"column":72}},{"start":{},"end":{}}],"line":264},"55":{"loc":{"start":{"line":273,"column":20},"end":{"line":273,"column":67}},"type":"if","locations":[{"start":{"line":273,"column":20},"end":{"line":273,"column":67}},{"start":{},"end":{}}],"line":273}},"s":{"0":1,"1":68,"2":23,"3":35,"4":68,"5":68,"6":0,"7":0,"8":0,"9":0,"10":103,"11":35,"12":1,"13":35,"14":68,"15":0,"16":68,"17":35,"18":0,"19":105,"20":103,"21":103,"22":0,"23":103,"24":255,"25":255,"26":0,"27":255,"28":0,"29":255,"30":103,"31":103,"32":68,"33":68,"34":0,"35":0,"36":0,"37":0,"38":0,"39":0,"40":0,"41":84,"42":35,"43":35,"44":49,"45":49,"46":49,"47":0,"48":0,"49":0,"50":0,"51":0,"52":0,"53":0,"54":0,"55":0,"56":0,"57":0,"58":0,"59":152,"60":0,"61":0,"62":255,"63":35,"64":0,"65":35,"66":1,"67":1,"68":1,"69":1,"70":1,"71":64,"72":64,"73":140,"74":64,"75":140,"76":1,"77":139,"78":14,"79":125,"80":64,"81":5,"82":5,"83":64,"84":1,"85":29,"86":29,"87":1,"88":9,"89":9,"90":49,"91":9,"92":9,"93":9,"94":9,"95":16,"96":1,"97":15,"98":15,"99":15,"100":15,"101":15,"102":2,"103":2,"104":2,"105":2,"106":2,"107":2,"108":2,"109":13,"110":3,"111":3,"112":3,"113":10,"114":6,"115":7,"116":9,"117":9,"118":9,"119":2,"120":2,"121":2,"122":7,"123":1,"124":7,"125":7,"126":13,"127":7,"128":7,"129":1,"130":1,"131":6,"132":6,"133":6,"134":6,"135":6,"136":6,"137":1,"138":10,"139":10,"140":20,"141":10,"142":10,"143":10,"144":10,"145":10,"146":10,"147":1,"148":9,"149":9,"150":70,"151":9,"152":9,"153":9,"154":9,"155":9,"156":9,"157":9,"158":9,"159":9,"160":9,"161":9,"162":9,"163":9,"164":9,"165":8,"166":1,"167":1,"168":8,"169":6,"170":2,"171":2,"172":2,"173":6,"174":6,"175":6,"176":5,"177":1,"178":1,"179":1,"180":5,"181":5,"182":5,"183":5,"184":1,"185":1,"186":4,"187":3,"188":3,"189":1,"190":5,"191":9,"192":1,"193":8,"194":8,"195":8,"196":1,"197":1,"198":8,"199":0,"200":8,"201":9,"202":9,"203":1},"f":{"0":35,"1":68,"2":23,"3":35,"4":68,"5":0,"6":103,"7":35,"8":68,"9":0,"10":105,"11":103,"12":103,"13":64,"14":140,"15":140,"16":29,"17":9,"18":9,"19":49,"20":7,"21":7,"22":13,"23":10,"24":10,"25":20,"26":9,"27":9,"28":70},"b":{"0":[1,1,1],"1":[45,23],"2":[35,35],"3":[35,68],"4":[35,35],"5":[1,1,1],"6":[0,68],"7":[35,35],"8":[0,103],"9":[290,35],"10":[35,0],"11":[0,255],"12":[255,0,0],"13":[0,0],"14":[0,0],"15":[0,0],"16":[0,0],"17":[0,255],"18":[103,103,68,0,0,84],"19":[35,49],"20":[84,84,84],"21":[84,0],"22":[49,0],"23":[49,49,0,0],"24":[0,0],"25":[0,0],"26":[0,0],"27":[0,0],"28":[0,0],"29":[0,35],"30":[35,0],"31":[1,139],"32":[140,15],"33":[14,125],"34":[69,9],"35":[29,28],"36":[9,16,15,9,9],"37":[1,15],"38":[2,13],"39":[15,2,2,2],"40":[3,10],"41":[6,4],"42":[2,7],"43":[7,6],"44":[1,6],"45":[10,10],"46":[9,9,9,8,6,6,5,5,9,8,1,8,9],"47":[8,1],"48":[9,3],"49":[6,2],"50":[5,1],"51":[1,4],"52":[5,4],"53":[3,1],"54":[1,8],"55":[0,8]},"inputSourceMap":null,"_coverageSchema":"1a1c01bbd47fc00a2c39e90264f33305004495a9","hash":"8311185a3da3e3e80b61eeb3c7375c370d200faf"}
,"C:\\Users\\vikto\\Desktop\\PKD\\project\\Casino\\Games\\Card Games\\Deck\\Deck.js": {"path":"C:\\Users\\vikto\\Desktop\\PKD\\project\\Casino\\Games\\Card Games\\Deck\\Deck.js","statementMap":{"0":{"start":{"line":2,"column":0},"end":{"line":2,"column":62}},"1":{"start":{"line":3,"column":0},"end":{"line":3,"column":172}},"2":{"start":{"line":9,"column":16},"end":{"line":9,"column":57}},"3":{"start":{"line":11,"column":17},"end":{"line":11,"column":61}},"4":{"start":{"line":12,"column":16},"end":{"line":12,"column":18}},"5":{"start":{"line":13,"column":4},"end":{"line":19,"column":5}},"6":{"start":{"line":13,"column":18},"end":{"line":13,"column":19}},"7":{"start":{"line":13,"column":31},"end":{"line":13,"column":36}},"8":{"start":{"line":14,"column":19},"end":{"line":14,"column":30}},"9":{"start":{"line":15,"column":8},"end":{"line":18,"column":9}},"10":{"start":{"line":15,"column":22},"end":{"line":15,"column":23}},"11":{"start":{"line":15,"column":36},"end":{"line":15,"column":42}},"12":{"start":{"line":16,"column":24},"end":{"line":16,"column":36}},"13":{"start":{"line":17,"column":12},"end":{"line":17,"column":53}},"14":{"start":{"line":20,"column":4},"end":{"line":20,"column":30}},"15":{"start":{"line":22,"column":0},"end":{"line":22,"column":32}},"16":{"start":{"line":30,"column":4},"end":{"line":33,"column":5}},"17":{"start":{"line":30,"column":17},"end":{"line":30,"column":33}},"18":{"start":{"line":31,"column":16},"end":{"line":31,"column":51}},"19":{"start":{"line":32,"column":8},"end":{"line":32,"column":70}},"20":{"start":{"line":34,"column":4},"end":{"line":34,"column":17}},"21":{"start":{"line":36,"column":0},"end":{"line":36,"column":34}},"22":{"start":{"line":45,"column":16},"end":{"line":45,"column":57}},"23":{"start":{"line":47,"column":17},"end":{"line":47,"column":61}},"24":{"start":{"line":48,"column":16},"end":{"line":48,"column":18}},"25":{"start":{"line":49,"column":4},"end":{"line":57,"column":5}},"26":{"start":{"line":49,"column":25},"end":{"line":49,"column":26}},"27":{"start":{"line":50,"column":8},"end":{"line":56,"column":9}},"28":{"start":{"line":50,"column":22},"end":{"line":50,"column":23}},"29":{"start":{"line":50,"column":35},"end":{"line":50,"column":40}},"30":{"start":{"line":51,"column":23},"end":{"line":51,"column":34}},"31":{"start":{"line":52,"column":12},"end":{"line":55,"column":13}},"32":{"start":{"line":52,"column":26},"end":{"line":52,"column":27}},"33":{"start":{"line":52,"column":40},"end":{"line":52,"column":46}},"34":{"start":{"line":53,"column":28},"end":{"line":53,"column":40}},"35":{"start":{"line":54,"column":16},"end":{"line":54,"column":57}},"36":{"start":{"line":58,"column":4},"end":{"line":58,"column":30}},"37":{"start":{"line":60,"column":0},"end":{"line":60,"column":50}},"38":{"start":{"line":68,"column":4},"end":{"line":71,"column":5}},"39":{"start":{"line":69,"column":22},"end":{"line":69,"column":43}},"40":{"start":{"line":70,"column":8},"end":{"line":70,"column":39}},"41":{"start":{"line":73,"column":0},"end":{"line":73,"column":48}},"42":{"start":{"line":82,"column":4},"end":{"line":82,"column":29}},"43":{"start":{"line":83,"column":4},"end":{"line":83,"column":45}},"44":{"start":{"line":85,"column":0},"end":{"line":85,"column":44}},"45":{"start":{"line":96,"column":4},"end":{"line":97,"column":21}},"46":{"start":{"line":97,"column":8},"end":{"line":97,"column":21}},"47":{"start":{"line":98,"column":4},"end":{"line":98,"column":43}},"48":{"start":{"line":100,"column":0},"end":{"line":100,"column":24}},"49":{"start":{"line":108,"column":29},"end":{"line":108,"column":132}},"50":{"start":{"line":108,"column":63},"end":{"line":108,"column":118}},"51":{"start":{"line":109,"column":4},"end":{"line":109,"column":80}},"52":{"start":{"line":111,"column":0},"end":{"line":111,"column":28}}},"fnMap":{"0":{"name":"createDeck","decl":{"start":{"line":8,"column":9},"end":{"line":8,"column":19}},"loc":{"start":{"line":8,"column":22},"end":{"line":21,"column":1}},"line":8},"1":{"name":"shuffleDeck","decl":{"start":{"line":28,"column":9},"end":{"line":28,"column":20}},"loc":{"start":{"line":28,"column":28},"end":{"line":35,"column":1}},"line":28},"2":{"name":"createBlackjackDeck","decl":{"start":{"line":44,"column":9},"end":{"line":44,"column":28}},"loc":{"start":{"line":44,"column":31},"end":{"line":59,"column":1}},"line":44},"3":{"name":"ensureDeckNotEmpty","decl":{"start":{"line":67,"column":9},"end":{"line":67,"column":27}},"loc":{"start":{"line":67,"column":34},"end":{"line":72,"column":1}},"line":67},"4":{"name":"dealInitialCards","decl":{"start":{"line":81,"column":9},"end":{"line":81,"column":25}},"loc":{"start"
[...]
:{"line":13,"column":150}},"19":{"start":{"line":14,"column":23},"end":{"line":14,"column":68}},"20":{"start":{"line":14,"column":45},"end":{"line":14,"column":65}},"21":{"start":{"line":16,"column":8},"end":{"line":16,"column":70}},"22":{"start":{"line":16,"column":15},"end":{"line":16,"column":70}},"23":{"start":{"line":17,"column":8},"end":{"line":34,"column":66}},"24":{"start":{"line":17,"column":50},"end":{"line":34,"column":66}},"25":{"start":{"line":18,"column":12},"end":{"line":18,"column":169}},"26":{"start":{"line":18,"column":160},"end":{"line":18,"column":169}},"27":{"start":{"line":19,"column":12},"end":{"line":19,"column":52}},"28":{"start":{"line":19,"column":26},"end":{"line":19,"column":52}},"29":{"start":{"line":20,"column":12},"end":{"line":32,"column":13}},"30":{"start":{"line":21,"column":32},"end":{"line":21,"column":39}},"31":{"start":{"line":21,"column":40},"end":{"line":21,"column":46}},"32":{"start":{"line":22,"column":24},"end":{"line":22,"column":34}},"33":{"start":{"line":22,"column":35},"end":{"line":22,"column":72}},"34":{"start":{"line":23,"column":24},"end":{"line":23,"column":34}},"35":{"start":{"line":23,"column":35},"end":{"line":23,"column":45}},"36":{"start":{"line":23,"column":46},"end":{"line":23,"column":55}},"37":{"start":{"line":23,"column":56},"end":{"line":23,"column":65}},"38":{"start":{"line":24,"column":24},"end":{"line":24,"column":41}},"39":{"start":{"line":24,"column":42},"end":{"line":24,"column":55}},"40":{"start":{"line":24,"column":56},"end":{"line":24,"column":65}},"41":{"start":{"line":26,"column":20},"end":{"line":26,"column":128}},"42":{"start":{"line":26,"column":110},"end":{"line":26,"column":116}},"43":{"start":{"line":26,"column":117},"end":{"line":26,"column":126}},"44":{"start":{"line":27,"column":20},"end":{"line":27,"column":106}},"45":{"start":{"line":27,"column":81},"end":{"line":27,"column":97}},"46":{"start":{"line":27,"column":98},"end":{"line":27,"column":104}},"47":{"start":{"line":28,"column":20},"end":{"line":28,"column":89}},"48":{"start":{"line":28,"column":57},"end":{"line":28,"column":72}},"49":{"start":{"line":28,"column":73},"end":{"line":28,"column":80}},"50":{"start":{"line":28,"column":81},"end":{"line":28,"column":87}},"51":{"start":{"line":29,"column":20},"end":{"line":29,"column":87}},"52":{"start":{"line":29,"column":47},"end":{"line":29,"column":62}},"53":{"start":{"line":29,"column":63},"end":{"line":29,"column":78}},"54":{"start":{"line":29,"column":79},"end":{"line":29,"column":85}},"55":{"start":{"line":30,"column":20},"end":{"line":30,"column":42}},"56":{"start":{"line":30,"column":30},"end":{"line":30,"column":42}},"57":{"start":{"line":31,"column":20},"end":{"line":31,"column":33}},"58":{"start":{"line":31,"column":34},"end":{"line":31,"column":43}},"59":{"start":{"line":33,"column":12},"end":{"line":33,"column":39}},"60":{"start":{"line":34,"column":22},"end":{"line":34,"column":34}},"61":{"start":{"line":34,"column":35},"end":{"line":34,"column":41}},"62":{"start":{"line":34,"column":54},"end":{"line":34,"column":64}},"63":{"start":{"line":35,"column":8},"end":{"line":35,"column":35}},"64":{"start":{"line":35,"column":23},"end":{"line":35,"column":35}},"65":{"start":{"line":35,"column":36},"end":{"line":35,"column":89}},"66":{"start":{"line":38,"column":0},"end":{"line":38,"column":62}},"67":{"start":{"line":39,"column":0},"end":{"line":39,"column":76}},"68":{"start":{"line":40,"column":15},"end":{"line":40,"column":34}},"69":{"start":{"line":49,"column":4},"end":{"line":77,"column":7}},"70":{"start":{"line":51,"column":8},"end":{"line":76,"column":11}},"71":{"start":{"line":52,"column":12},"end":{"line":75,"column":13}},"72":{"start":{"line":54,"column":20},"end":{"line":57,"column":23}},"73":{"start":{"line":58,"column":20},"end":{"line":58,"column":40}},"74":{"start":{"line":59,"column":20},"end":{"line":71,"column":28}},"75":{"start":{"line":60,"column":28},"end":{"line":70,"column":31}},"76":{"start":{"line":61,"column":32},"end":{"line":61,"column":43}},"77":{"start":{"line":62,"column":32},"end":{"line":62,"column":48}},"78":{"start":{"line":63,"column":32},"end":{"line":65,"column":33}},"79":{"start":{"line":64,"column":36},"end":{"line":64,"column":51}},"80":{"start":{"line":66,"column":32},"end":{"line":69,"column":33}},"81":{"start":{"line":67,"column":36},"end":{"line":67,"column":63}},"82":{"start":{"line":68,"column":36},"end":{"line":68,"column":57}},"83":{"start":{"line":73,"column":20},"end":{"line":73,"column":42}},"84":{"start":{"line":74,"column":20},"end":{"line":74,"column":97}},"85":{"start":{"line":79,"column":0},"end":{"line":79,"column":38}},"86":{"start":{"line":92,"column":13},"end":{"line":95,"column":6}},"87":{"start":{"line":96,"column":4},"end":{"line":101,"column":7}},"88":{"start":{"line":97,"column":8},"end":{"line":100,"column":11}},"89":{"start":{"line":98,"column":12},"end":{"line":98,"column":23}},"90":{"start":{"line":99,"column":12},"end":{"line":99,"column":28}},"91":{"start":{"line":103,"column":0},"end":{"line":103,"column":48}},"92":{"start":{"line":112,"column":4},"end":{"line":116,"column":5}},"93":{"start":{"line":112,"column":17},"end":{"line":112,"column":18}},"94":{"start":{"line":113,"column":8},"end":{"line":115,"column":9}},"95":{"start":{"line":114,"column":12},"end":{"line":114,"column":24}},"96":{"start":{"line":117,"column":4},"end":{"line":117,"column":17}},"97":{"start":{"line":119,"column":0},"end":{"line":119,"column":22}}},"fnMap":{"0":{"name":"(anonymous_0)","decl":{"start":{"line":2,"column":44},"end":{"line":2,"column":45}},"loc":{"start":{"line":2,"column":89},"end":{"line":10,"column":1}},"line":2},"1":{"name":"adopt","decl":{"start":{"line":3,"column":13},"end":{"line":3,"column":18}},"loc":{"start":{"line":3,"column":26},"end":{"line":3,"column":112}},"line":3},"2":{"name":"(anonymous_2)","decl":{"start":{"line":3,"column":70},"end":{"line":3,"column":71}},"loc":{"start":{"line":3,"column":89},"end":{"line":3,"column":108}},"line":3},"3":{"name":"(anonymous_3)","decl":{"start":{"line":4,"column":36},"end":{"line":4,"column":37}},"loc":{"start":{"line":4,"column":63},"end":{"line":9,"column":5}},"line":4},"4":{"name":"fulfilled","decl":{"start":{"line":5,"column":17},"end":{"line":5,"column":26}},"loc":{"start":{"line":5,"column":34},"end":{"line":5,"column":99}},"line":5},"5":{"name":"rejected","decl":{"start":{"line":6,"column":17},"end":{"line":6,"column":25}},"loc":{"start":{"line":6,"column":33},"end":{"line":6,"column":102}},"line":6},"6":{"name":"step","decl":{"start":{"line":7,"column":17},"end":{"line":7,"column":21}},"loc":{"start":{"line":7,"column":30},"end":{"line":7,"column":118}},"line":7},"7":{"name":"(anonymous_7)","decl":{"start":{"line":11,"column":48},"end":{"line":11,"column":49}},"loc":{"start":{"line":11,"column":73},"end":{"line":37,"column":1}},"line":11},"8":{"name":"(anonymous_8)","decl":{"start":{"line":12,"column":30},"end":{"line":12,"column":31}},"loc":{"start":{"line":12,"column":41},"end":{"line":12,"column":83}},"line":12},"9":{"name":"(anonymous_9)","decl":{"start":{"line":13,"column":125},"end":{"line":13,"column":126}},"loc":{"start":{"line":13,"column":136},"end":{"line":13,"column":152}},"line":13},"10":{"name":"verb","decl":{"start":{"line":14,"column":13},"end":{"line":14,"column":17}},"loc":{"start":{"line":14,"column":21},"end":{"line":14,"column":70}},"line":14},"11":{"name":"(anonymous_11)","decl":{"start":{"line":14,"column":30},"end":{"line":14,"column":31}},"loc":{"start":{"line":14,"column":43},"end":{"line":14,"column":67}},"line":14},"12":{"name":"step","decl":{"start":{"line":15,"column":13},"end":{"line":15,"column":17}},"loc":{"start":{"line":15,"column":22},"end":{"line":36,"column":5}},"line":15},"13":{"name":"readUserInput","decl":{"start":{"line":48,"column":9},"end":{"line":48,"column":22}},"loc":{"start":{"line":48,"column":36},"end":{"line":78,"column":1}},"line":48},"14":{"name":"(anonymous_14)","decl":{"start":{"line":49,"column":43},"end":{"line":49,"column":44}},"loc":{"start":{"line":49,"column":55},"end":{"line":77,"column":5}},"line":49},"15":{"name":"(anonymous_15)","decl":{"start":{"line":51,"column":33},"end":{"line":51,"column":34}},"loc":{"start":{"line":51,"column":47},"end":{"line":76,"column":9}},"line":51},"16":{"name":"(anonymous_16)","decl":{"start":{"line":59,"column":53},"end":{"line":59,"column":54}},"loc":{"start":{"line":59,"column":72},"end":{"line":71,"column":25}},"line":59},"17":{"name":"(anonymous_17)","decl":{"start":{"line":60,"column":48},"end":{"line":60,"column":49}},"loc":{"start":{"line":60,"column":66},"end":{"line":70,"column":29}},"line":60},"18":{"name":"readUserInputBasic","decl":{"start":{"line":91,"column":9},"end":{"line":91,"column":27}},"loc":{"start":{"line":91,"column":36},"end":{"line":102,"column":1}},"line":91},"19":{"name":"(anonymous_19)","decl":{"start":{"line":96,"column":23},"end":{"line":96,"column":24}},"loc":{"start":{"line":96,"column":42},"end":{"line":101,"column":5}},"line":96},"20":{"name":"(anonymous_20)","decl":{"start":{"line":97,"column":28},"end":{"line":97,"column":29}},"loc":{"start":{"line":97,"column":46},"end":{"line":100,"column":9}},"line":97},"21":{"name":"check","decl":{"start":{"line":111,"column":9},"end":{"line":111,"column":14}},"loc":{"start":{"line":111,"column":28},"end":{"line":118,"column":1}},"line":111}},"branchMap":{"0":{"loc":{"start":{"line":2,"column":16},"end":{"line":10,"column":1}},"type":"binary-expr","locations":[{"start":{"line":2,"column":17},"end":{"line":2,"column":21}},{"start":{"line":2,"column":25},"end":{"line":2,"column":39}},{"start":{"line":2,"column":44},"end":{"line":10,"column":1}}],"line":2},"1":{"loc":{"start":{"line":3,"column":35},"end":{"line":3,"column":109}},"type":"cond-expr","locations":[{"start":{"line":3,"column":56},"end":{"line":3,"column":61}},{"start":{"line":3,"column":64},"end":{"line":3,"column":109}}],"line":3},"2":{"loc":{"start":{"line":4,"column":16},"end":{"line":4,"column":34}},"type":"binary-expr","locations":[{"start":{"line":4,"column":16},"end":{"line":4,"column":17}},{"start":{"line":4,"column":22},"end":{"line":4,"column":33}}],"line":4},"3":{"loc":{"start":{"line":7,"column":32},"end":{"line":7,"column":115}},"type":"cond-expr","locations":[{"start":{"line":7,"column":46},"end":{"line":7,"column":67}},{"start":{"line":7,"column":70},"end":{"line":7,"column":115}}],"line":7},"4":{"loc":{"start":{"line":8,"column":51},"end":{"line":8,"column":67}},"type":"binary-expr","locations":[{"start":{"line":8,"column":51},"end":{"line":8,"column":61}},{"start":{"line":8,"column":65},"end":{"line":8,"column":67}}],"line":8},"5":{"loc":{"start":{"line":11,"column":18},"end":{"line":37,"column":1}},"type":"binary-expr","locations":[{"start":{"line":11,"column":19},"end":{"line":11,"column":23}},{"start":{"line":11,"column":27},"end":{"line":11,"column":43}},{"start":{"line":11,"column":48},"end":{"line":37,"column":1}}],"line":11},"6":{"loc":{"start":{"line":12,"column":43},"end":{"line":12,"column":68}},"type":"if","locations":[{"start":{"line":12,"column":43},"end":{"line":12,"column":68}},{"start":{},"end":{}}],"line":12},"7":{"loc":{"start":{"line":13,"column":71},"end":{"line":13,"column":153}},"type":"binary-expr","locations":[{"start":{"line":13,"column":71},"end":{"line":13,"column":99}},{"start":{"line":13,"column":104},"end":{"line":13,"column":152}}],"line":13},"8":{"loc":{"start":{"line":16,"column":8},"end":{"line":16,"column":70}},"type":"if","locations":[{"start":{"line":16,"column":8},"end":{"line":16,"column":70}},{"start":{},"end":{}}],"line":16},"9":{"loc":{"start":{"line":17,"column":15},"end":{"line":17,"column":45}},"type":"binary-expr","locations":[{"start":{"line":17,"column":15},"end":{"line":17,"column":16}},{"start":{"line":17,"column":21},"end":{"line":17,"column":44}}],"line":17},"10":{"loc":{"start":{"line":17,"column":28},"end":{"line":17,"column":44}},"type":"binary-expr","locations":[{"start":{"line":17,"column":28},"end":{"line":17,"column":33}},{"start":{"line":17,"column":38},"end":{"line":17,"column":43}}],"line":17},"11":{"loc":{"start":{"line":18,"column":12},"end":{"line":18,"column":169}},"type":"if","locations":[{"start":{"line":18,"column":12},"end":{"line":18,"column":169}},{"start":{},"end":{}}],"line":18},"12":{"loc":{"start":{"line":18,"column":23},"end":{"line":18,"column":158}},"type":"binary-expr","locations":[{"start":{"line":18,"column":23},"end":{"line":18,"column":24}},{"start":{"line":18,"column":29},"end":{"line":18,"column":125}},{"start":{"line":18,"column":130},"end":{"line":18,"column":158}}],"line":18},"13":{"loc":{"start":{"line":18,"column":33},"end":{"line":18,"column":125}},"type":"cond-expr","locations":[{"start":{"line":18,"column":45},"end":{"line":18,"column":56}},{"start":{"line":18,"column":59},"end":{"line":18,"column":125}}],"line":18},"14":{"loc":{"start":{"line":18,"column":59},"end":{"line":18,"column":125}},"type":"cond-expr","locations":[{"start":{"line":18,"column":67},"end":{"line":18,"column":116}},{"start":{"line":18,"column":119},"end":{"line":18,"column":125}}],"line":18},"15":{"loc":{"start":{"line":18,"column":67},"end":{"line":18,"column":116}},"type":"binary-expr","locations":[{"start":{"line":18,"column":67},"end":{"line":18,"column":77}},{"start":{"line":18,"column":82},"end":{"line":18,"column":115}}],"line":18},"16":{"loc":{"start":{"line":18,"column":82},"end":{"line":18,"column":112}},"type":"binary-expr","locations":[{"start":{"line":18,"column":83},"end":{"line":18,"column":98}},{"start":{"line":18,"column":103},"end":{"line":18,"column":112}}],"line":18},"17":{"loc":{"start":{"line":19,"column":12},"end":{"line":19,"column":52}},"type":"if","locations":[{"start":{"line":19,"column":12},"end":{"line":19,"column":52}},{"start":{},"end":{}}],"line":19},"18":{"loc":{"start":{"line":20,"column":12},"end":{"line":32,"column":13}},"type":"switch","locations":[{"start":{"line":21,"column":16},"end":{"line":21,"column":23}},{"start":{"line":21,"column":24},"end":{"line":21,"column":46}},{"start":{"line":22,"column":16},"end":{"line":22,"column":72}},{"start":{"line":23,"column":16},"end":{"line":23,"column":65}},{"start":{"line":24,"column":16},"end":{"line":24,"column":65}},{"start":{"line":25,"column":16},"end":{"line":31,"column":43}}],"line":20},"19":{"loc":{"start":{"line":26,"column":20},"end":{"line":26,"column":128}},"type":"if","locations":[{"start":{"line":26,"column":20},"end":{"line":26,"column":128}},{"start":{},"end":{}}],"line":26},"20":{"loc":{"start":{"line":26,"column":24},"end":{"line":26,"column":106}},"type":"binary-expr","locations":[{"start":{"line":26,"column":24},"end":{"line":26,"column":74}},{"start":{"line":26,"column":79},"end":{"line":26,"column":90}},{"start":{"line":26,"column":94},"end":{"line":26,"column":105}}],"line":26},"21":{"loc":{"start":{"line":26,"column":42},"end":{"line":26,"column":73}},"type":"binary-expr","locations":[{"start":{"line":26,"column":42},"end":{"line":26,"column":54}},{"start":{"line":26,"column":58},"end":{"line":26,"column":73}}],"line":26},"22":{"loc":{"start":{"line":27,"column":20},"end":{"line":27,"column":106}},"type":"if","locations":[{"start":{"line":27,"column":20},"end":{"line":27,"column":106}},{"start":{},"end":{}}],"line":27},"23":{"loc":{"start":{"line":27,"column":24},"end":{"line":27,"column":77}},"type":"binary-expr","locations":[{"start":{"line":27,"column":24},"end":{"line":27,"column":35}},{"start":{"line":27,"column":40},"end":{"line":27,"column":42}},{"start":{"line":27,"column":47},"end":{"line":27,"column":59}},{"start":{"line":27,"column":63},"end":{"line":27,"column":75}}],"line":27},"24":{"loc":{"start":{"line":28,"column":20},"end":{"line":28,"column":89}},"type":"if","locations":[{"start":{"line":28,"column":20},"end":{"line":28,"column":89}},{"start":{},"end":{}}],"line":28},"25":{"loc":{"start":{"line":28,"column":24},"end":{"line":28,"column":53}},"type":"binary-expr","locations":[{"start":{"line":28,"column":24},"end":{"line":28,"column":35}},{"start":{"line":28,"column":39},"end":{"line":28,"column":53}}],"line":28},"26":{"loc":{"start":{"line":29,"column":20},"end":{"line":29,"column":87}},"type":"if","locations":[{"start":{"line":29,"column":20},"end":{"line":29,"column":87}},{"start":{},"end":{}}],"line":29},"27":{"loc":{"start":{"line":29,"column":24},"end":{"line":29,"column":43}},"type":"binary-expr","locations":[{"start":{"line":29,"column":24},"end":{"line":29,"column":25}},{"start":{"line":29,"column":29},"end":{"line":29,"column":43}}],"line":29},"28":{"loc":{"start":{"line":30,"column":20},"end":{"line":30,"column":42}},"type":"if","locations":[{"start":{"line":30,"column":20},"end":{"line":30,"column":42}},{"start":{},"end":{}}],"line":30},"29":{"loc":{"start":{"line":35,"column":8},"end":{"line":35,"column":35}},"type":"if","locations":[{"start":{"line":35,"column":8},"end":{"line":35,"column":35}},{"start":{},"end":{}}],"line":35},"30":{"loc":{"start":{"line":35,"column":52},"end":{"line":35,"column":74}},"type":"cond-expr","locations":[{"start":{"line":35,"column":60},"end":{"line":35,"column":65}},{"start":{"line":35,"column":68},"end":{"line":35,"column":74}}],"line":35},"31":{"loc":{"start":{"line":52,"column":12},"end":{"line":75,"column":13}},"type":"switch","locations":[{"start":{"line":53,"column":16},"end":{"line":71,"column":28}},{"start":{"line":72,"column":16},"end":{"line":74,"column":97}}],"line":52},"32":{"loc":{"start":{"line":63,"column":32},"end":{"line":65,"column":33}},"type":"if","locations":[{"start":{"line":63,"column":32},"end":{"line":65,"column":33}},{"start":{},"end":{}}],"line":63},"33":{"loc":{"start":{"line":63,"column":36},"end":{"line":63,"column":68}},"type":"binary-expr","locations":[{"start":{"line":63,"column":36},"end":{"line":63,"column":50}},{"start":{"line":63,"column":54},"end":{"line":63,"column":68}}],"line":63},"34":{"loc":{"start":{"line":66,"column":32},"end":{"line":69,"column":33}},"type":"if","locations":[{"start":{"line":66,"column":32},"end":{"line":69,"column":33}},{"start":{},"end":{}}],"line":66},"35":{"loc":{"start":{"line":74,"column":42},"end":{"line":74,"column":95}},"type":"cond-expr","locations":[{"start":{"line":74,"column":57},"end":{"line":74,"column":66}},{"start":{"line":74,"column":69},"end":{"line":74,"column":95}}],"line":74},"36":{"loc":{"start":{"line":113,"column":8},"end":{"line":115,"column":9}},"type":"if","locations":[{"start":{"line":113,"column":8},"end":{"line":115,"column":9}},{"start":{},"end":{}}],"line":113}},"s":{"0":1,"1":4,"2":0,"3":4,"4":4,"5":4,"6":0,"7":0,"8":0,"9":0,"10":8,"11":4,"12":1,"13":4,"14":4,"15":0,"16":4,"17":4,"18":0,"19":12,"20":8,"21":8,"22":0,"23":8,"24":16,"25":16,"26":0,"27":16,"28":0,"29":16,"30":8,"31":8,"32":4,"33":4,"34":0,"35":0,"36":0,"37":0,"38":0,"39":0,"40":0,"41":4,"42":4,"43":4,"44":0,"45":0,"46":0,"47":0,"48":0,"49":0,"50":0,"51":0,"52":0,"53":0,"54":0,"55":0,"56":0,"57":0,"58":0,"59":8,"60":0,"61":0,"62":16,"63":4,"64":0,"65":4,"66":1,"67":1,"68":1,"69":4,"70":4,"71":8,"72":4,"73":4,"74":4,"75":4,"76":4,"77":4,"78":4,"79":0,"80":4,"81":2,"82":2,"83":4,"84":4,"85":1,"86":1,"87":1,"88":1,"89":1,"90":1,"91":1,"92":19,"93":19,"94":48,"95":7,"96":12,"97":1},"f":{"0":4,"1":4,"2":0,"3":4,"4":4,"5":0,"6":8,"7":4,"8":4,"9":0,"10":12,"11":8,"12":8,"13":4,"14":4,"15":8,"16":4,"17":4,"18":1,"19":1,"20":1,"21":19},"b":{"0":[1,1,1],"1":[4,0],"2":[4,4],"3":[4,4],"4":[4,4],"5":[1,1,1],"6":[0,4],"7":[4,4],"8":[0,8],"9":[20,4],"10":[4,0],"11":[0,16],"12":[16,0,0],"13":[0,0],"14":[0,0],"15":[0,0],"16":[0,0],"17":[0,16],"18":[8,8,4,0,0,4],"19":[4,0],"20":[4,4,4],"21":[4,0],"22":[0,0],"23":[0,0,0,0],"24":[0,0],"25":[0,0],"26":[0,0],"27":[0,0],"28":[0,0],"29":[0,4],"30":[4,0],"31":[4,4],"32":[0,4],"33":[4,4],"34":[2,2],"35":[2,2],"36":[7,41]},"inputSourceMap":null,"_coverageSchema":"1a1c01bbd47fc00a2c39e90264f33305004495a9","hash":"42f33cece72214285a643ec40bd304fb2462a607"}
}
