TN:
SF:readUserInput.ts
FN:10,readUserInput
FN:18,(anonymous_9)
FN:19,(anonymous_10)
FN:47,readUserInputBasic
FN:53,(anonymous_12)
FN:54,(anonymous_13)
FN:68,check
FNF:7
FNH:7
FNDA:4,readUserInput
FNDA:4,(anonymous_9)
FNDA:4,(anonymous_10)
FNDA:1,readUserInputBasic
FNDA:1,(anonymous_12)
FNDA:1,(anonymous_13)
FNDA:19,check
DA:1,1
DA:10,1
DA:12,4
DA:16,4
DA:18,4
DA:19,4
DA:20,4
DA:21,4
DA:22,4
DA:23,0
DA:25,4
DA:26,2
DA:27,2
DA:33,4
DA:47,1
DA:48,1
DA:53,1
DA:54,1
DA:55,1
DA:56,1
DA:68,1
DA:69,19
DA:70,48
DA:71,7
DA:74,12
LF:25
LH:24
BRDA:22,0,0,0
BRDA:22,1,0,4
BRDA:22,1,1,4
BRDA:25,2,0,2
BRDA:33,3,0,2
BRDA:33,3,1,2
BRDA:70,4,0,7
BRF:7
BRH:6
end_of_record
