TN:
SF:Games/Card Games/Baccarat/Baccarat.ts
FN:21,calculateHandValue
FN:25,(anonymous_8)
FN:53,playerHand
FN:82,bankerHand
FN:89,bankerThirdCard
FN:95,bankerRules
FN:142,decideOutcome
FN:205,startGame
FNF:8
FNH:8
FNDA:41,calculateHandValue
FNDA:88,(anonymous_8)
FNDA:9,playerHand
FNDA:15,bankerHand
FNDA:9,bankerThirdCard
FNDA:8,bankerRules
FNDA:18,decideOutcome
FNDA:5,startGame
DA:1,2
DA:2,2
DA:21,2
DA:22,41
DA:25,41
DA:26,88
DA:27,16
DA:28,72
DA:29,7
DA:31,65
DA:36,41
DA:53,2
DA:55,9
DA:59,9
DA:60,4
DA:62,5
DA:63,5
DA:82,2
DA:86,15
DA:90,9
DA:91,9
DA:96,8
DA:97,8
DA:98,1
DA:99,7
DA:100,1
DA:101,6
DA:103,1
DA:104,5
DA:106,2
DA:108,3
DA:114,15
DA:115,12
DA:116,8
DA:118,4
DA:122,3
DA:142,2
DA:148,18
DA:149,18
DA:152,18
DA:153,6
DA:154,5
DA:155,5
DA:157,1
DA:159,12
DA:160,2
DA:161,1
DA:162,1
DA:164,1
DA:166,10
DA:167,2
DA:168,1
DA:169,1
DA:171,1
DA:173,8
DA:174,2
DA:175,1
DA:176,1
DA:178,1
DA:180,6
DA:181,2
DA:182,1
DA:183,1
DA:185,1
DA:188,4
DA:191,18
DA:205,2
DA:208,5
DA:210,5
DA:211,7
DA:212,7
DA:213,7
DA:218,7
DA:220,7
DA:224,7
DA:229,7
DA:231,7
DA:232,7
DA:235,7
DA:236,7
DA:238,7
DA:239,7
DA:241,7
DA:242,7
DA:244,7
DA:250,7
DA:251,4
DA:252,4
DA:254,3
DA:255,3
DA:258,7
DA:259,1
DA:260,1
DA:263,6
DA:264,6
DA:266,6
DA:267,2
DA:268,4
LF:98
LH:98
BRDA:26,0,0,16
BRDA:26,0,1,72
BRDA:26,1,0,88
BRDA:26,1,1,23
BRDA:28,2,0,7
BRDA:28,2,1,65
BRDA:59,3,0,4
BRDA:59,3,1,5
BRDA:97,4,0,1
BRDA:97,4,1,7
BRDA:99,5,0,1
BRDA:99,5,1,6
BRDA:99,6,0,7
BRDA:99,6,1,3
BRDA:101,7,0,1
BRDA:101,7,1,5
BRDA:101,8,0,6
BRDA:101,8,1,2
BRDA:101,8,2,2
BRDA:104,9,0,2
BRDA:104,9,1,3
BRDA:104,10,0,5
BRDA:104,10,1,2
BRDA:104,10,2,2
BRDA:114,11,0,12
BRDA:114,11,1,3
BRDA:115,12,0,8
BRDA:115,12,1,4
BRDA:152,13,0,6
BRDA:152,13,1,12
BRDA:153,14,0,5
BRDA:153,14,1,1
BRDA:159,15,0,2
BRDA:159,15,1,10
BRDA:160,16,0,1
BRDA:160,16,1,1
BRDA:166,17,0,2
BRDA:166,17,1,8
BRDA:167,18,0,1
BRDA:167,18,1,1
BRDA:173,19,0,2
BRDA:173,19,1,6
BRDA:174,20,0,1
BRDA:174,20,1,1
BRDA:180,21,0,2
BRDA:180,21,1,4
BRDA:181,22,0,1
BRDA:181,22,1,1
BRDA:250,23,0,4
BRDA:250,23,1,3
BRDA:258,24,0,1
BRDA:258,24,1,6
BRDA:266,25,0,2
BRDA:266,25,1,4
BRF:54
BRH:54
end_of_record
TN:
SF:Games/Card Games/Blackjack/Blackjack.ts
FN:21,calculateHandValue
FN:25,(anonymous_8)
FN:28,(anonymous_9)
FN:64,checkForBlackjack
FN:85,playerTurn
FN:141,dealerTurn
FN:177,getBet
FN:199,startGame
FNF:8
FNH:8
FNDA:54,calculateHandValue
FNDA:116,(anonymous_8)
FNDA:116,(anonymous_9)
FNDA:26,checkForBlackjack
FNDA:7,playerTurn
FNDA:6,dealerTurn
FNDA:9,getBet
FNDA:8,startGame
DA:1,2
DA:2,2
DA:4,2
DA:21,2
DA:22,54
DA:25,116
DA:28,54
DA:29,116
DA:31,1
DA:32,115
DA:34,12
DA:37,103
DA:43,54
DA:44,3
DA:45,3
DA:48,54
DA:64,2
DA:65,26
DA:66,26
DA:85,2
DA:89,7
DA:90,7
DA:91,7
DA:93,7
DA:94,12
DA:95,12
DA:96,12
DA:98,12
DA:101,1
DA:102,1
DA:104,1
DA:105,1
DA:106,1
DA:108,1
DA:109,1
DA:110,11
DA:111,2
DA:112,2
DA:113,2
DA:114,9
DA:115,5
DA:119,7
DA:120,7
DA:121,2
DA:122,2
DA:123,2
DA:125,5
DA:141,2
DA:144,6
DA:147,6
DA:148,1
DA:149,1
DA:153,5
DA:154,5
DA:157,5
DA:161,5
DA:163,5
DA:177,2
DA:178,9
DA:180,9
DA:183,9
DA:184,9
DA:186,9
DA:199,2
DA:201,8
DA:203,8
DA:205,8
DA:206,8
DA:207,8
DA:208,8
DA:209,8
DA:211,8
DA:213,8
DA:214,8
DA:216,8
DA:217,8
DA:219,8
DA:220,8
DA:223,8
DA:224,1
DA:226,7
DA:227,2
DA:228,2
DA:231,5
DA:233,5
DA:234,1
DA:235,1
DA:237,4
DA:238,4
DA:240,4
DA:241,1
DA:242,1
DA:243,3
DA:244,2
DA:245,2
DA:247,1
DA:253,8
DA:254,7
DA:255,7
DA:257,1
DA:258,1
DA:262,8
LF:102
LH:102
BRDA:29,0,0,1
BRDA:29,0,1,115
BRDA:29,1,0,116
BRDA:29,1,1,13
BRDA:32,2,0,12
BRDA:32,2,1,103
BRDA:43,3,0,57
BRDA:43,3,1,7
BRDA:66,4,0,26
BRDA:66,4,1,25
BRDA:98,5,0,1
BRDA:98,5,1,11
BRDA:98,6,0,12
BRDA:98,6,1,1
BRDA:98,6,2,1
BRDA:98,6,3,1
BRDA:110,7,0,2
BRDA:110,7,1,9
BRDA:114,8,0,5
BRDA:120,9,0,2
BRDA:147,10,0,1
BRDA:223,11,0,1
BRDA:223,11,1,7
BRDA:223,12,0,8
BRDA:223,12,1,3
BRDA:226,13,0,2
BRDA:226,13,1,5
BRDA:233,14,0,1
BRDA:233,14,1,4
BRDA:240,15,0,1
BRDA:240,15,1,3
BRDA:240,16,0,4
BRDA:240,16,1,3
BRDA:243,17,0,2
BRDA:243,17,1,1
BRDA:253,18,0,7
BRDA:253,18,1,1
BRF:37
BRH:37
end_of_record
TN:
SF:Games/Card Games/Deck/Deck.ts
FN:17,createDeck
FN:42,shuffleDeck
FN:62,createBlackjackDeck
FN:91,ensureDeckNotEmpty
FN:111,dealInitialCards
FN:128,isPair
FN:147,showHand
FN:149,(anonymous_7)
FNF:8
FNH:8
FNDA:4,createDeck
FNDA:19,shuffleDeck
FNDA:14,createBlackjackDeck
FNDA:17,ensureDeckNotEmpty
FNDA:15,dealInitialCards
FNDA:7,isPair
FNDA:15,showHand
FNDA:38,(anonymous_7)
DA:17,3
DA:18,4
DA:20,4
DA:21,4
DA:23,4
DA:24,16
DA:25,208
DA:28,4
DA:42,3
DA:43,19
DA:44,6065
DA:45,6065
DA:47,19
DA:62,3
DA:63,14
DA:65,14
DA:66,14
DA:68,14
DA:69,112
DA:70,448
DA:71,5824
DA:75,14
DA:91,3
DA:92,17
DA:93,2
DA:94,2
DA:111,3
DA:113,15
DA:116,15
DA:128,3
DA:129,7
DA:130,6
DA:147,3
DA:149,15
DA:150,38
DA:152,15
LF:36
LH:36
BRDA:92,0,0,2
BRDA:129,1,0,1
BRF:2
BRH:2
end_of_record
TN:
SF:Games/Roulette/roulette.ts
FN:12,(anonymous_7)
FN:16,(anonymous_8)
FN:20,(anonymous_9)
FN:61,startGame
FN:105,computerMove
FN:142,playerMove
FN:175,spin
FN:192,addBetAmount
FN:213,buildABet
FN:245,numberBet
FN:383,evenBets
FN:435,columnsAndDozensBet
FN:479,calculateWinnings
FN:503,calcPayout
FN:543,calcSingle
FN:567,calcSplit
FN:571,(anonymous_30)
FN:604,calcStreet
FN:626,calcCorner
FN:652,calcDoubleStreet
FN:657,(anonymous_34)
FN:682,calcRedOrBlack
FN:712,calcEvenOrOdd
FN:744,calcLowOrHigh
FN:781,calcColumns
FN:810,calcDozens
FNF:26
FNH:26
FNDA:2,(anonymous_7)
FNDA:2,(anonymous_8)
FNDA:2,(anonymous_9)
FNDA:2,startGame
FNDA:3,computerMove
FNDA:5,playerMove
FNDA:10003,spin
FNDA:6,addBetAmount
FNDA:8,buildABet
FNDA:18,numberBet
FNDA:7,evenBets
FNDA:7,columnsAndDozensBet
FNDA:8,calculateWinnings
FNDA:13,calcPayout
FNDA:4,calcSingle
FNDA:5,calcSplit
FNDA:10,(anonymous_30)
FNDA:8,calcStreet
FNDA:3,calcCorner
FNDA:4,calcDoubleStreet
FNDA:8,(anonymous_34)
FNDA:5,calcRedOrBlack
FNDA:6,calcEvenOrOdd
FNDA:6,calcLowOrHigh
FNDA:4,calcColumns
FNDA:8,calcDozens
DA:1,2
DA:3,2
DA:12,2
DA:13,2
DA:14,2
DA:16,2
DA:17,2
DA:18,2
DA:20,2
DA:21,2
DA:22,2
DA:39,2
DA:42,2
DA:61,2
DA:65,2
DA:66,4
DA:67,1
DA:68,1
DA:70,3
DA:72,3
DA:73,3
DA:75,3
DA:77,3
DA:78,3
DA:80,3
DA:81,2
DA:83,1
DA:105,2
DA:110,3
DA:111,3
DA:112,3
DA:113,3
DA:114,3
DA:115,3
DA:117,3
DA:123,3
DA:124,3
DA:142,2
DA:145,5
DA:146,5
DA:148,5
DA:150,5
DA:152,5
DA:153,5
DA:155,5
DA:156,5
DA:158,5
DA:159,1
DA:175,2
DA:176,10003
DA:192,2
DA:193,6
DA:195,6
DA:196,6
DA:198,6
DA:213,2
DA:214,8
DA:216,8
DA:220,8
DA:221,8
DA:223,8
DA:224,6
DA:225,2
DA:226,1
DA:228,1
DA:231,8
DA:245,2
DA:246,18
DA:248,18
DA:250,18
DA:251,5
DA:252,5
DA:254,13
DA:256,1
DA:257,1
DA:258,1
DA:260,12
DA:262,3
DA:263,3
DA:264,3
DA:265,3
DA:267,3
DA:268,3
DA:271,3
DA:273,1
DA:274,2
DA:276,1
DA:279,1
DA:282,3
DA:283,3
DA:285,3
DA:286,10
DA:287,2
DA:289,8
DA:295,3
DA:297,3
DA:298,3
DA:299,3
DA:303,3
DA:305,9
DA:307,1
DA:308,1
DA:309,1
DA:311,8
DA:313,3
DA:314,3
DA:315,3
DA:318,3
DA:320,1
DA:321,2
DA:323,1
DA:325,1
DA:328,1
DA:333,3
DA:342,3
DA:346,5
DA:348,4
DA:349,4
DA:350,4
DA:351,4
DA:354,4
DA:355,1
DA:356,1
DA:357,3
DA:358,1
DA:359,1
DA:361,2
DA:367,4
DA:383,2
DA:384,7
DA:385,7
DA:387,7
DA:389,2
DA:391,2
DA:393,2
DA:396,2
DA:397,1
DA:398,1
DA:399,1
DA:402,5
DA:404,2
DA:406,2
DA:407,1
DA:408,1
DA:409,1
DA:412,3
DA:414,2
DA:416,2
DA:417,1
DA:418,1
DA:419,1
DA:435,2
DA:436,7
DA:437,7
DA:439,3
DA:442,3
DA:443,1
DA:444,2
DA:445,1
DA:446,1
DA:447,1
DA:449,4
DA:451,3
DA:454,3
DA:455,1
DA:456,2
DA:457,1
DA:458,1
DA:459,1
DA:479,2
DA:480,8
DA:481,5
DA:483,3
DA:503,2
DA:504,13
DA:505,13
DA:543,2
DA:547,4
DA:567,2
DA:571,10
DA:572,1
DA:576,4
DA:579,4
DA:580,1
DA:584,3
DA:604,2
DA:608,8
DA:626,2
DA:630,3
DA:652,2
DA:655,4
DA:657,4
DA:658,8
DA:661,4
DA:682,2
DA:686,5
DA:687,3
DA:689,2
DA:712,2
DA:715,6
DA:716,2
DA:719,4
DA:720,2
DA:722,2
DA:744,2
DA:748,6
DA:749,3
DA:750,2
DA:752,1
DA:755,3
DA:756,1
DA:758,2
DA:781,2
DA:785,4
DA:786,3
DA:788,1
DA:810,2
DA:814,8
DA:816,8
DA:817,4
DA:818,3
DA:820,1
DA:822,4
DA:823,2
DA:824,1
DA:826,1
DA:829,2
DA:830,1
DA:832,1
LF:229
LH:229
BRDA:12,0,0,2
BRDA:12,0,1,2
BRDA:16,1,0,2
BRDA:16,1,1,2
BRDA:20,2,0,2
BRDA:20,2,1,2
BRDA:62,3,0,2
BRDA:66,4,0,1
BRDA:66,4,1,3
BRDA:80,5,0,2
BRDA:80,5,1,1
BRDA:117,6,0,0
BRDA:117,6,1,3
BRDA:119,7,0,3
BRDA:119,7,1,0
BRDA:158,8,0,1
BRDA:158,8,1,4
BRDA:223,9,0,6
BRDA:223,9,1,2
BRDA:225,10,0,1
BRDA:225,10,1,1
BRDA:250,11,0,5
BRDA:250,11,1,13
BRDA:254,12,0,1
BRDA:254,12,1,12
BRDA:260,13,0,3
BRDA:260,13,1,9
BRDA:271,14,0,1
BRDA:271,14,1,2
BRDA:274,15,0,1
BRDA:274,15,1,1
BRDA:286,16,0,2
BRDA:286,16,1,8
BRDA:286,17,0,10
BRDA:286,17,1,8
BRDA:299,18,0,0
BRDA:299,18,1,3
BRDA:305,19,0,1
BRDA:305,19,1,8
BRDA:311,20,0,3
BRDA:311,20,1,5
BRDA:318,21,0,1
BRDA:318,21,1,2
BRDA:321,22,0,1
BRDA:321,22,1,1
BRDA:328,23,0,1
BRDA:328,23,1,0
BRDA:342,24,0,1
BRDA:342,24,1,2
BRDA:346,25,0,4
BRDA:346,25,1,1
BRDA:354,26,0,1
BRDA:354,26,1,3
BRDA:357,27,0,1
BRDA:357,27,1,2
BRDA:367,28,0,2
BRDA:367,28,1,2
BRDA:387,29,0,2
BRDA:387,29,1,5
BRDA:396,30,0,1
BRDA:396,30,1,1
BRDA:398,31,0,1
BRDA:398,31,1,0
BRDA:402,32,0,2
BRDA:402,32,1,3
BRDA:406,33,0,1
BRDA:406,33,1,1
BRDA:408,34,0,1
BRDA:408,34,1,0
BRDA:412,35,0,2
BRDA:412,35,1,1
BRDA:416,36,0,1
BRDA:416,36,1,1
BRDA:418,37,0,1
BRDA:418,37,1,0
BRDA:437,38,0,3
BRDA:437,38,1,4
BRDA:442,39,0,1
BRDA:442,39,1,2
BRDA:444,40,0,1
BRDA:444,40,1,1
BRDA:446,41,0,1
BRDA:446,41,1,0
BRDA:449,42,0,3
BRDA:449,42,1,1
BRDA:454,43,0,1
BRDA:454,43,1,2
BRDA:456,44,0,1
BRDA:456,44,1,1
BRDA:458,45,0,1
BRDA:458,45,1,0
BRDA:480,46,0,5
BRDA:480,46,1,3
BRDA:505,47,0,2
BRDA:505,47,1,11
BRDA:507,48,0,2
BRDA:507,48,1,9
BRDA:509,49,0,0
BRDA:509,49,1,9
BRDA:511,50,0,1
BRDA:511,50,1,8
BRDA:513,51,0,1
BRDA:513,51,1,7
BRDA:515,52,0,2
BRDA:515,52,1,5
BRDA:515,53,0,7
BRDA:515,53,1,0
BRDA:517,54,0,1
BRDA:517,54,1,4
BRDA:517,55,0,5
BRDA:517,55,1,0
BRDA:519,56,0,1
BRDA:519,56,1,3
BRDA:519,57,0,4
BRDA:519,57,1,0
BRDA:521,58,0,1
BRDA:521,58,1,2
BRDA:521,59,0,3
BRDA:521,59,1,0
BRDA:521,59,2,0
BRDA:523,60,0,1
BRDA:523,60,1,1
BRDA:523,61,0,2
BRDA:523,61,1,0
BRDA:523,61,2,0
BRDA:547,62,0,3
BRDA:547,62,1,1
BRDA:571,63,0,1
BRDA:571,63,1,4
BRDA:571,64,0,10
BRDA:571,64,1,10
BRDA:576,65,0,4
BRDA:576,65,1,2
BRDA:579,66,0,1
BRDA:579,66,1,3
BRDA:584,67,0,2
BRDA:584,67,1,1
BRDA:608,68,0,3
BRDA:608,68,1,5
BRDA:630,69,0,2
BRDA:630,69,1,1
BRDA:686,70,0,3
BRDA:686,70,1,2
BRDA:687,71,0,2
BRDA:687,71,1,1
BRDA:689,72,0,1
BRDA:689,72,1,1
BRDA:715,73,0,2
BRDA:715,73,1,4
BRDA:719,74,0,2
BRDA:719,74,1,2
BRDA:720,75,0,1
BRDA:720,75,1,1
BRDA:722,76,0,1
BRDA:722,76,1,1
BRDA:748,77,0,3
BRDA:748,77,1,3
BRDA:749,78,0,2
BRDA:749,78,1,1
BRDA:749,79,0,3
BRDA:749,79,1,2
BRDA:755,80,0,1
BRDA:755,80,1,2
BRDA:755,81,0,3
BRDA:755,81,1,1
BRDA:785,82,0,3
BRDA:785,82,1,1
BRDA:785,83,0,4
BRDA:785,83,1,3
BRDA:816,84,0,4
BRDA:816,84,1,4
BRDA:817,85,0,3
BRDA:817,85,1,1
BRDA:822,86,0,2
BRDA:822,86,1,2
BRDA:823,87,0,1
BRDA:823,87,1,1
BRDA:823,88,0,2
BRDA:823,88,1,2
BRDA:829,89,0,1
BRDA:829,89,1,1
BRF:181
BRH:164
end_of_record
TN:
SF:Menu/login.ts
FN:29,loadUserData
FN:53,saveUserData
FN:76,loggedIn
FN:146,login
FN:172,(anonymous_13)
FN:172,(anonymous_14)
FN:188,newUser
FN:234,menu
FN:273,main
FNF:9
FNH:5
FNDA:3,loadUserData
FNDA:2,saveUserData
FNDA:0,loggedIn
FNDA:0,login
FNDA:0,(anonymous_13)
FNDA:0,(anonymous_14)
FNDA:4,newUser
FNDA:1,menu
FNDA:1,main
DA:1,1
DA:2,1
DA:4,1
DA:5,1
DA:6,1
DA:7,1
DA:8,1
DA:9,1
DA:10,1
DA:15,1
DA:29,1
DA:30,3
DA:31,3
DA:32,2
DA:33,1
DA:35,2
DA:36,2
DA:53,1
DA:54,2
DA:55,2
DA:56,2
DA:58,1
DA:76,1
DA:79,0
DA:81,0
DA:82,0
DA:87,0
DA:89,0
DA:90,0
DA:92,0
DA:93,0
DA:95,0
DA:96,0
DA:100,0
DA:108,0
DA:110,0
DA:111,0
DA:113,0
DA:114,0
DA:116,0
DA:117,0
DA:119,0
DA:120,0
DA:122,0
DA:123,0
DA:126,0
DA:127,0
DA:130,0
DA:146,1
DA:147,0
DA:148,0
DA:150,0
DA:151,0
DA:152,0
DA:153,0
DA:155,0
DA:156,0
DA:158,0
DA:159,0
DA:160,0
DA:161,0
DA:163,0
DA:167,0
DA:171,0
DA:172,0
DA:188,1
DA:189,4
DA:190,7
DA:191,7
DA:192,7
DA:193,7
DA:195,7
DA:196,1
DA:199,1
DA:202,6
DA:203,5
DA:204,1
DA:205,1
DA:208,4
DA:209,4
DA:211,4
DA:218,4
DA:219,4
DA:222,1
DA:234,1
DA:235,1
DA:236,1
DA:237,1
DA:243,1
DA:245,1
DA:246,1
DA:248,1
DA:249,0
DA:251,1
DA:252,0
DA:253,0
DA:255,1
DA:256,0
DA:257,0
DA:258,0
DA:274,1
DA:275,1
DA:280,1
LF:103
LH:56
BRDA:81,0,0,0
BRDA:81,0,1,0
BRDA:92,1,0,0
BRDA:92,1,1,0
BRDA:113,2,0,0
BRDA:113,2,1,0
BRDA:116,3,0,0
BRDA:116,3,1,0
BRDA:119,4,0,0
BRDA:119,4,1,0
BRDA:122,5,0,0
BRDA:122,5,1,0
BRDA:155,6,0,0
BRDA:155,6,1,0
BRDA:158,7,0,0
BRDA:158,7,1,0
BRDA:195,8,0,1
BRDA:202,9,0,5
BRDA:202,9,1,1
BRDA:203,10,0,1
BRDA:248,11,0,0
BRDA:248,11,1,1
BRDA:251,12,0,0
BRDA:251,12,1,1
BRDA:255,13,0,0
BRDA:273,14,0,1
BRF:26
BRH:7
end_of_record
TN:
SF:Utilities/list.ts
FN:27,pair
FN:37,head
FN:47,tail
FN:57,is_null
FN:70,list
FN:85,empty_list
FN:96,to_string
FN:97,print
FNF:8
FNH:8
FNDA:8,pair
FNDA:9,head
FNDA:9,tail
FNDA:14,is_null
FNDA:2,list
FNDA:5,empty_list
FNDA:5,to_string
FNDA:6,print
DA:27,2
DA:28,8
DA:37,2
DA:38,9
DA:47,2
DA:48,9
DA:57,2
DA:58,14
DA:70,2
DA:71,2
DA:72,2
DA:73,3
DA:75,2
DA:85,2
DA:86,5
DA:96,2
DA:98,6
DA:99,6
DA:103,5
DA:104,0
DA:106,5
LF:21
LH:20
BRDA:99,0,0,5
BRDA:99,0,1,1
BRDA:103,1,0,0
BRDA:103,1,1,5
BRF:4
BRH:3
end_of_record
TN:
SF:Utilities/InsertMoney/InsertMoney.ts
FN:20,insertMoney
FNF:1
FNH:1
FNDA:5,insertMoney
DA:1,2
DA:2,2
DA:20,2
DA:22,5
DA:23,5
DA:30,5
DA:32,5
DA:34,5
DA:35,1
DA:36,1
DA:39,4
DA:40,4
DA:41,2
DA:42,2
DA:43,2
DA:45,2
DA:46,1
DA:47,1
DA:50,2
DA:51,1
DA:53,1
DA:54,1
DA:57,2
DA:58,2
LF:24
LH:24
BRDA:34,0,0,1
BRDA:34,0,1,4
BRDA:40,1,0,2
BRDA:40,1,1,2
BRDA:45,2,0,1
BRDA:45,2,1,1
BRDA:45,3,0,2
BRDA:45,3,1,2
BRDA:50,4,0,1
BRDA:50,4,1,1
BRF:10
BRH:10
end_of_record
TN:
SF:Utilities/Password/Password.ts
FN:13,isValidPassword
FNF:1
FNH:1
FNDA:19,isValidPassword
DA:13,2
DA:14,19
DA:15,19
DA:16,19
DA:18,19
LF:5
LH:5
BRDA:18,0,0,19
BRDA:18,0,1,14
BRDA:18,0,2,12
BRF:3
BRH:3
end_of_record
TN:
SF:Utilities/Player/Player.ts
FN:26,createPerson
FNF:1
FNH:1
FNDA:28,createPerson
DA:26,5
DA:29,28
LF:2
LH:2
BRF:0
BRH:0
end_of_record
TN:
SF:Utilities/userInput/readUserInput.ts
FN:10,readUserInput
FN:18,(anonymous_9)
FN:19,(anonymous_10)
FN:48,readUserInputBasic
FN:54,(anonymous_12)
FN:55,(anonymous_13)
FN:69,check
FNF:7
FNH:7
FNDA:4,readUserInput
FNDA:4,(anonymous_9)
FNDA:4,(anonymous_10)
FNDA:1,readUserInputBasic
FNDA:1,(anonymous_12)
FNDA:1,(anonymous_13)
FNDA:19,check
DA:1,1
DA:10,1
DA:12,4
DA:16,4
DA:18,4
DA:19,4
DA:20,4
DA:21,4
DA:23,4
DA:24,2
DA:25,2
DA:30,4
DA:48,1
DA:49,1
DA:54,1
DA:55,1
DA:56,1
DA:57,1
DA:69,1
DA:70,19
DA:71,48
DA:72,7
DA:75,12
LF:23
LH:23
BRDA:23,0,0,2
BRDA:23,0,1,2
BRDA:30,1,0,2
BRDA:30,1,1,2
BRDA:71,2,0,7
BRDA:71,2,1,41
BRF:6
BRH:6
end_of_record
TN:
SF:Utilities/visuals/visuals.ts
FN:5,splashScreen
FN:31,printOptions
FN:46,printEmptyLines
FNF:3
FNH:3
FNDA:2,splashScreen
FNDA:7,printOptions
FNDA:1,printEmptyLines
DA:5,3
DA:6,2
DA:13,2
DA:31,3
DA:32,7
DA:33,36
DA:46,3
DA:47,1
DA:48,3
LF:9
LH:9
BRF:0
BRH:0
end_of_record
